[2026-06-17T09:40:30.136+0000] {taskinstance.py:1157} INFO - Dependencies all met for dep_context=non-requeueable deps ti=<TaskInstance: aeroflux_main_pipeline.ingest_live_aviation_data manual__2026-06-17T09:38:24.880915+00:00 [queued]>
[2026-06-17T09:40:30.140+0000] {taskinstance.py:1157} INFO - Dependencies all met for dep_context=requeueable deps ti=<TaskInstance: aeroflux_main_pipeline.ingest_live_aviation_data manual__2026-06-17T09:38:24.880915+00:00 [queued]>
[2026-06-17T09:40:30.140+0000] {taskinstance.py:1359} INFO - Starting attempt 2 of 2
[2026-06-17T09:40:30.146+0000] {taskinstance.py:1380} INFO - Executing <Task(PythonOperator): ingest_live_aviation_data> on 2026-06-17 09:38:24.880915+00:00
[2026-06-17T09:40:30.149+0000] {standard_task_runner.py:57} INFO - Started process 197 to run task
[2026-06-17T09:40:30.151+0000] {standard_task_runner.py:84} INFO - Running: ['airflow', 'tasks', 'run', 'aeroflux_main_pipeline', 'ingest_live_aviation_data', 'manual__2026-06-17T09:38:24.880915+00:00', '--job-id', '7', '--raw', '--subdir', 'DAGS_FOLDER/aeroflux_orchestrator.py', '--cfg-path', '/tmp/tmp2oowqy34']
[2026-06-17T09:40:30.152+0000] {standard_task_runner.py:85} INFO - Job 7: Subtask ingest_live_aviation_data
[2026-06-17T09:40:30.199+0000] {task_command.py:415} INFO - Running <TaskInstance: aeroflux_main_pipeline.ingest_live_aviation_data manual__2026-06-17T09:38:24.880915+00:00 [running]> on host bf0afb663f14
[2026-06-17T09:40:30.248+0000] {taskinstance.py:1660} INFO - Exporting env vars: AIRFLOW_CTX_DAG_OWNER='aeroflux_team' AIRFLOW_CTX_DAG_ID='aeroflux_main_pipeline' AIRFLOW_CTX_TASK_ID='ingest_live_aviation_data' AIRFLOW_CTX_EXECUTION_DATE='2026-06-17T09:38:24.880915+00:00' AIRFLOW_CTX_TRY_NUMBER='2' AIRFLOW_CTX_DAG_RUN_ID='manual__2026-06-17T09:38:24.880915+00:00'
[2026-06-17T09:40:30.249+0000] {logging_mixin.py:151} INFO - Connecting to OpenSky Network API...
[2026-06-17T09:40:31.766+0000] {logging_mixin.py:151} INFO - Successfully fetched 100 live flight records!
[2026-06-17T09:40:31.768+0000] {logging_mixin.py:151} INFO - Connecting to local PostgreSQL Warehouse...
[2026-06-17T09:40:31.768+0000] {taskinstance.py:1935} ERROR - Task failed with exception
Traceback (most recent call last):
  File "/home/airflow/.local/lib/python3.9/site-packages/airflow/operators/python.py", line 192, in execute
    return_value = self.execute_callable()
  File "/home/airflow/.local/lib/python3.9/site-packages/airflow/operators/python.py", line 209, in execute_callable
    return self.python_callable(*self.op_args, **self.op_kwargs)
  File "/opt/airflow/dags/aeroflux_orchestrator.py", line 14, in run_ingestion
    load_to_postgres(df)
  File "/opt/airflow/ingest_flights.py", line 46, in load_to_postgres
    conn = psycopg2.connect(
  File "/home/airflow/.local/lib/python3.9/site-packages/psycopg2/__init__.py", line 122, in connect
    conn = _connect(dsn, connection_factory=connection_factory, **kwasync)
psycopg2.OperationalError: connection to server at "localhost" (::1), port 5432 failed: Connection refused
	Is the server running on that host and accepting TCP/IP connections?
connection to server at "localhost" (127.0.0.1), port 5432 failed: Connection refused
	Is the server running on that host and accepting TCP/IP connections?

[2026-06-17T09:40:31.776+0000] {taskinstance.py:1398} INFO - Marking task as FAILED. dag_id=aeroflux_main_pipeline, task_id=ingest_live_aviation_data, execution_date=20260617T093824, start_date=20260617T094030, end_date=20260617T094031
[2026-06-17T09:40:31.780+0000] {standard_task_runner.py:104} ERROR - Failed to execute job 7 for task ingest_live_aviation_data (connection to server at "localhost" (::1), port 5432 failed: Connection refused
	Is the server running on that host and accepting TCP/IP connections?
connection to server at "localhost" (127.0.0.1), port 5432 failed: Connection refused
	Is the server running on that host and accepting TCP/IP connections?
; 197)
[2026-06-17T09:40:31.793+0000] {local_task_job_runner.py:228} INFO - Task exited with return code 1
[2026-06-17T09:40:31.807+0000] {taskinstance.py:2776} INFO - 0 downstream tasks scheduled from follow-on schedule check
