[2026-06-17T19:00:09.159+0000] {taskinstance.py:1157} INFO - Dependencies all met for dep_context=non-requeueable deps ti=<TaskInstance: aeroflux_main_pipeline.transform_with_dbt scheduled__2026-06-17T18:00:00+00:00 [queued]>
[2026-06-17T19:00:09.170+0000] {taskinstance.py:1157} INFO - Dependencies all met for dep_context=requeueable deps ti=<TaskInstance: aeroflux_main_pipeline.transform_with_dbt scheduled__2026-06-17T18:00:00+00:00 [queued]>
[2026-06-17T19:00:09.171+0000] {taskinstance.py:1359} INFO - Starting attempt 1 of 2
[2026-06-17T19:00:09.187+0000] {taskinstance.py:1380} INFO - Executing <Task(BashOperator): transform_with_dbt> on 2026-06-17 18:00:00+00:00
[2026-06-17T19:00:09.209+0000] {standard_task_runner.py:57} INFO - Started process 369 to run task
[2026-06-17T19:00:09.212+0000] {standard_task_runner.py:84} INFO - Running: ['airflow', 'tasks', 'run', 'aeroflux_main_pipeline', 'transform_with_dbt', 'scheduled__2026-06-17T18:00:00+00:00', '--job-id', '9', '--raw', '--subdir', 'DAGS_FOLDER/aeroflux_orchestrator.py', '--cfg-path', '/tmp/tmpm0jyeulo']
[2026-06-17T19:00:09.216+0000] {standard_task_runner.py:85} INFO - Job 9: Subtask transform_with_dbt
[2026-06-17T19:00:09.291+0000] {task_command.py:415} INFO - Running <TaskInstance: aeroflux_main_pipeline.transform_with_dbt scheduled__2026-06-17T18:00:00+00:00 [running]> on host ded05aa43409
[2026-06-17T19:00:09.411+0000] {taskinstance.py:1660} INFO - Exporting env vars: AIRFLOW_CTX_DAG_OWNER='aeroflux_team' AIRFLOW_CTX_DAG_ID='aeroflux_main_pipeline' AIRFLOW_CTX_TASK_ID='transform_with_dbt' AIRFLOW_CTX_EXECUTION_DATE='2026-06-17T18:00:00+00:00' AIRFLOW_CTX_TRY_NUMBER='1' AIRFLOW_CTX_DAG_RUN_ID='scheduled__2026-06-17T18:00:00+00:00'
[2026-06-17T19:00:09.413+0000] {subprocess.py:63} INFO - Tmp dir root location: /tmp
[2026-06-17T19:00:09.417+0000] {subprocess.py:75} INFO - Running command: ['/bin/bash', '-c', 'cd /opt/airflow/aeroflux_transform && dbt run --profiles-dir .']
[2026-06-17T19:00:09.449+0000] {subprocess.py:86} INFO - Output:
[2026-06-17T19:00:12.231+0000] {subprocess.py:93} INFO - [0m19:00:12  Running with dbt=1.10.22
[2026-06-17T19:00:12.649+0000] {subprocess.py:93} INFO - [0m19:00:12  Registered adapter: postgres=1.9.1
[2026-06-17T19:00:13.553+0000] {subprocess.py:93} INFO - [0m19:00:13  Found 5 models, 4 data tests, 1 source, 447 macros
[2026-06-17T19:00:13.559+0000] {subprocess.py:93} INFO - [0m19:00:13
[2026-06-17T19:00:13.561+0000] {subprocess.py:93} INFO - [0m19:00:13  Concurrency: 1 threads (target='dev')
[2026-06-17T19:00:13.564+0000] {subprocess.py:93} INFO - [0m19:00:13
[2026-06-17T19:00:13.768+0000] {subprocess.py:93} INFO - [0m19:00:13  1 of 5 START sql table model public.my_first_dbt_model ......................... [RUN]
[2026-06-17T19:00:14.000+0000] {subprocess.py:93} INFO - [0m19:00:13  1 of 5 OK created sql table model public.my_first_dbt_model .................... [[32mSELECT 2[0m in 0.22s]
[2026-06-17T19:00:14.008+0000] {subprocess.py:93} INFO - [0m19:00:14  2 of 5 START sql view model public.stg_live_flights ............................ [RUN]
[2026-06-17T19:00:14.169+0000] {subprocess.py:93} INFO - [0m19:00:14  2 of 5 OK created sql view model public.stg_live_flights ....................... [[32mCREATE VIEW[0m in 0.15s]
[2026-06-17T19:00:14.177+0000] {subprocess.py:93} INFO - [0m19:00:14  3 of 5 START sql view model public.my_second_dbt_model ......................... [RUN]
[2026-06-17T19:00:14.293+0000] {subprocess.py:93} INFO - [0m19:00:14  3 of 5 OK created sql view model public.my_second_dbt_model .................... [[32mCREATE VIEW[0m in 0.11s]
[2026-06-17T19:00:14.300+0000] {subprocess.py:93} INFO - [0m19:00:14  4 of 5 START sql table model public.dim_aircraft ............................... [RUN]
[2026-06-17T19:00:14.449+0000] {subprocess.py:93} INFO - [0m19:00:14  4 of 5 OK created sql table model public.dim_aircraft .......................... [[32mSELECT 127[0m in 0.14s]
[2026-06-17T19:00:14.456+0000] {subprocess.py:93} INFO - [0m19:00:14  5 of 5 START sql table model public.fct_flight_telemetry ....................... [RUN]
[2026-06-17T19:00:14.628+0000] {subprocess.py:93} INFO - [0m19:00:14  5 of 5 OK created sql table model public.fct_flight_telemetry .................. [[32mSELECT 300[0m in 0.17s]
[2026-06-17T19:00:14.666+0000] {subprocess.py:93} INFO - [0m19:00:14
[2026-06-17T19:00:14.668+0000] {subprocess.py:93} INFO - [0m19:00:14  Finished running 3 table models, 2 view models in 0 hours 0 minutes and 1.10 seconds (1.10s).
[2026-06-17T19:00:14.771+0000] {subprocess.py:93} INFO - [0m19:00:14
[2026-06-17T19:00:14.773+0000] {subprocess.py:93} INFO - [0m19:00:14  [32mCompleted successfully[0m
[2026-06-17T19:00:14.776+0000] {subprocess.py:93} INFO - [0m19:00:14
[2026-06-17T19:00:14.779+0000] {subprocess.py:93} INFO - [0m19:00:14  Done. PASS=5 WARN=0 ERROR=0 SKIP=0 NO-OP=0 TOTAL=5
[2026-06-17T19:00:15.312+0000] {subprocess.py:97} INFO - Command exited with return code 0
[2026-06-17T19:00:15.349+0000] {taskinstance.py:1398} INFO - Marking task as SUCCESS. dag_id=aeroflux_main_pipeline, task_id=transform_with_dbt, execution_date=20260617T180000, start_date=20260617T190009, end_date=20260617T190015
[2026-06-17T19:00:15.389+0000] {local_task_job_runner.py:228} INFO - Task exited with return code 0
[2026-06-17T19:00:15.410+0000] {taskinstance.py:2776} INFO - 0 downstream tasks scheduled from follow-on schedule check
