[2026-06-17T18:35:51.929+0000] {taskinstance.py:1157} INFO - Dependencies all met for dep_context=non-requeueable deps ti=<TaskInstance: aeroflux_main_pipeline.transform_with_dbt manual__2026-06-17T18:35:28.313278+00:00 [queued]>
[2026-06-17T18:35:51.942+0000] {taskinstance.py:1157} INFO - Dependencies all met for dep_context=requeueable deps ti=<TaskInstance: aeroflux_main_pipeline.transform_with_dbt manual__2026-06-17T18:35:28.313278+00:00 [queued]>
[2026-06-17T18:35:51.943+0000] {taskinstance.py:1359} INFO - Starting attempt 1 of 2
[2026-06-17T18:35:51.960+0000] {taskinstance.py:1380} INFO - Executing <Task(BashOperator): transform_with_dbt> on 2026-06-17 18:35:28.313278+00:00
[2026-06-17T18:35:51.971+0000] {standard_task_runner.py:57} INFO - Started process 169 to run task
[2026-06-17T18:35:51.975+0000] {standard_task_runner.py:84} INFO - Running: ['airflow', 'tasks', 'run', 'aeroflux_main_pipeline', 'transform_with_dbt', 'manual__2026-06-17T18:35:28.313278+00:00', '--job-id', '5', '--raw', '--subdir', 'DAGS_FOLDER/aeroflux_orchestrator.py', '--cfg-path', '/tmp/tmpyg70wyic']
[2026-06-17T18:35:51.978+0000] {standard_task_runner.py:85} INFO - Job 5: Subtask transform_with_dbt
[2026-06-17T18:35:52.061+0000] {task_command.py:415} INFO - Running <TaskInstance: aeroflux_main_pipeline.transform_with_dbt manual__2026-06-17T18:35:28.313278+00:00 [running]> on host ded05aa43409
[2026-06-17T18:35:52.250+0000] {taskinstance.py:1660} INFO - Exporting env vars: AIRFLOW_CTX_DAG_OWNER='aeroflux_team' AIRFLOW_CTX_DAG_ID='aeroflux_main_pipeline' AIRFLOW_CTX_TASK_ID='transform_with_dbt' AIRFLOW_CTX_EXECUTION_DATE='2026-06-17T18:35:28.313278+00:00' AIRFLOW_CTX_TRY_NUMBER='1' AIRFLOW_CTX_DAG_RUN_ID='manual__2026-06-17T18:35:28.313278+00:00'
[2026-06-17T18:35:52.254+0000] {subprocess.py:63} INFO - Tmp dir root location: /tmp
[2026-06-17T18:35:52.257+0000] {subprocess.py:75} INFO - Running command: ['/bin/bash', '-c', 'cd /opt/airflow/aeroflux_transform && dbt run --profiles-dir .']
[2026-06-17T18:35:52.347+0000] {subprocess.py:86} INFO - Output:
[2026-06-17T18:35:54.850+0000] {subprocess.py:93} INFO - [0m18:35:54  Running with dbt=1.10.22
[2026-06-17T18:35:55.398+0000] {subprocess.py:93} INFO - [0m18:35:55  Registered adapter: postgres=1.9.1
[2026-06-17T18:35:56.395+0000] {subprocess.py:93} INFO - [0m18:35:56  Found 3 models, 4 data tests, 1 source, 447 macros
[2026-06-17T18:35:56.401+0000] {subprocess.py:93} INFO - [0m18:35:56
[2026-06-17T18:35:56.403+0000] {subprocess.py:93} INFO - [0m18:35:56  Concurrency: 1 threads (target='dev')
[2026-06-17T18:35:56.405+0000] {subprocess.py:93} INFO - [0m18:35:56
[2026-06-17T18:35:56.617+0000] {subprocess.py:93} INFO - [0m18:35:56  1 of 3 START sql table model public.my_first_dbt_model ......................... [RUN]
[2026-06-17T18:35:56.982+0000] {subprocess.py:93} INFO - [0m18:35:56  1 of 3 OK created sql table model public.my_first_dbt_model .................... [[32mSELECT 2[0m in 0.33s]
[2026-06-17T18:35:56.989+0000] {subprocess.py:93} INFO - [0m18:35:56  2 of 3 START sql table model public.stg_live_flights ........................... [RUN]
[2026-06-17T18:35:57.328+0000] {subprocess.py:93} INFO - [0m18:35:57  2 of 3 OK created sql table model public.stg_live_flights ...................... [[32mSELECT 200[0m in 0.33s]
[2026-06-17T18:35:57.336+0000] {subprocess.py:93} INFO - [0m18:35:57  3 of 3 START sql view model public.my_second_dbt_model ......................... [RUN]
[2026-06-17T18:35:57.526+0000] {subprocess.py:93} INFO - [0m18:35:57  3 of 3 OK created sql view model public.my_second_dbt_model .................... [[32mCREATE VIEW[0m in 0.18s]
[2026-06-17T18:35:57.564+0000] {subprocess.py:93} INFO - [0m18:35:57
[2026-06-17T18:35:57.566+0000] {subprocess.py:93} INFO - [0m18:35:57  Finished running 2 table models, 1 view model in 0 hours 0 minutes and 1.16 seconds (1.16s).
[2026-06-17T18:35:57.666+0000] {subprocess.py:93} INFO - [0m18:35:57
[2026-06-17T18:35:57.668+0000] {subprocess.py:93} INFO - [0m18:35:57  [32mCompleted successfully[0m
[2026-06-17T18:35:57.670+0000] {subprocess.py:93} INFO - [0m18:35:57
[2026-06-17T18:35:57.672+0000] {subprocess.py:93} INFO - [0m18:35:57  Done. PASS=3 WARN=0 ERROR=0 SKIP=0 NO-OP=0 TOTAL=3
[2026-06-17T18:35:58.156+0000] {subprocess.py:97} INFO - Command exited with return code 0
[2026-06-17T18:35:58.535+0000] {taskinstance.py:1398} INFO - Marking task as SUCCESS. dag_id=aeroflux_main_pipeline, task_id=transform_with_dbt, execution_date=20260617T183528, start_date=20260617T183551, end_date=20260617T183558
[2026-06-17T18:35:58.581+0000] {local_task_job_runner.py:228} INFO - Task exited with return code 0
[2026-06-17T18:35:58.604+0000] {taskinstance.py:2776} INFO - 0 downstream tasks scheduled from follow-on schedule check
