[2026-06-17T20:00:11.561+0000] {taskinstance.py:1157} INFO - Dependencies all met for dep_context=non-requeueable deps ti=<TaskInstance: aeroflux_main_pipeline.transform_with_dbt scheduled__2026-06-17T19:00:00+00:00 [queued]>
[2026-06-17T20:00:11.572+0000] {taskinstance.py:1157} INFO - Dependencies all met for dep_context=requeueable deps ti=<TaskInstance: aeroflux_main_pipeline.transform_with_dbt scheduled__2026-06-17T19:00:00+00:00 [queued]>
[2026-06-17T20:00:11.573+0000] {taskinstance.py:1359} INFO - Starting attempt 1 of 2
[2026-06-17T20:00:11.589+0000] {taskinstance.py:1380} INFO - Executing <Task(BashOperator): transform_with_dbt> on 2026-06-17 19:00:00+00:00
[2026-06-17T20:00:11.598+0000] {standard_task_runner.py:57} INFO - Started process 720 to run task
[2026-06-17T20:00:11.601+0000] {standard_task_runner.py:84} INFO - Running: ['airflow', 'tasks', 'run', 'aeroflux_main_pipeline', 'transform_with_dbt', 'scheduled__2026-06-17T19:00:00+00:00', '--job-id', '14', '--raw', '--subdir', 'DAGS_FOLDER/aeroflux_orchestrator.py', '--cfg-path', '/tmp/tmpib1jw08z']
[2026-06-17T20:00:11.605+0000] {standard_task_runner.py:85} INFO - Job 14: Subtask transform_with_dbt
[2026-06-17T20:00:11.685+0000] {task_command.py:415} INFO - Running <TaskInstance: aeroflux_main_pipeline.transform_with_dbt scheduled__2026-06-17T19:00:00+00:00 [running]> on host ded05aa43409
[2026-06-17T20:00:11.807+0000] {taskinstance.py:1660} INFO - Exporting env vars: AIRFLOW_CTX_DAG_OWNER='aeroflux_team' AIRFLOW_CTX_DAG_ID='aeroflux_main_pipeline' AIRFLOW_CTX_TASK_ID='transform_with_dbt' AIRFLOW_CTX_EXECUTION_DATE='2026-06-17T19:00:00+00:00' AIRFLOW_CTX_TRY_NUMBER='1' AIRFLOW_CTX_DAG_RUN_ID='scheduled__2026-06-17T19:00:00+00:00'
[2026-06-17T20:00:11.810+0000] {subprocess.py:63} INFO - Tmp dir root location: /tmp
[2026-06-17T20:00:11.813+0000] {subprocess.py:75} INFO - Running command: ['/bin/bash', '-c', 'cd /opt/airflow/aeroflux_transform && dbt run --profiles-dir .']
[2026-06-17T20:00:11.833+0000] {subprocess.py:86} INFO - Output:
[2026-06-17T20:00:14.738+0000] {subprocess.py:93} INFO - [0m20:00:14  Running with dbt=1.10.22
[2026-06-17T20:00:15.280+0000] {subprocess.py:93} INFO - [0m20:00:15  Registered adapter: postgres=1.9.1
[2026-06-17T20:00:16.252+0000] {subprocess.py:93} INFO - [0m20:00:16  Found 5 models, 4 data tests, 1 source, 447 macros
[2026-06-17T20:00:16.259+0000] {subprocess.py:93} INFO - [0m20:00:16
[2026-06-17T20:00:16.261+0000] {subprocess.py:93} INFO - [0m20:00:16  Concurrency: 1 threads (target='dev')
[2026-06-17T20:00:16.263+0000] {subprocess.py:93} INFO - [0m20:00:16
[2026-06-17T20:00:16.466+0000] {subprocess.py:93} INFO - [0m20:00:16  1 of 5 START sql table model public.my_first_dbt_model ......................... [RUN]
[2026-06-17T20:00:16.688+0000] {subprocess.py:93} INFO - [0m20:00:16  1 of 5 OK created sql table model public.my_first_dbt_model .................... [[32mSELECT 2[0m in 0.22s]
[2026-06-17T20:00:16.696+0000] {subprocess.py:93} INFO - [0m20:00:16  2 of 5 START sql view model public.stg_live_flights ............................ [RUN]
[2026-06-17T20:00:16.839+0000] {subprocess.py:93} INFO - [0m20:00:16  2 of 5 OK created sql view model public.stg_live_flights ....................... [[32mCREATE VIEW[0m in 0.14s]
[2026-06-17T20:00:16.846+0000] {subprocess.py:93} INFO - [0m20:00:16  3 of 5 START sql view model public.my_second_dbt_model ......................... [RUN]
[2026-06-17T20:00:16.954+0000] {subprocess.py:93} INFO - [0m20:00:16  3 of 5 OK created sql view model public.my_second_dbt_model .................... [[32mCREATE VIEW[0m in 0.10s]
[2026-06-17T20:00:16.961+0000] {subprocess.py:93} INFO - [0m20:00:16  4 of 5 START sql table model public.dim_aircraft ............................... [RUN]
[2026-06-17T20:00:17.095+0000] {subprocess.py:93} INFO - [0m20:00:17  4 of 5 OK created sql table model public.dim_aircraft .......................... [[32mSELECT 180[0m in 0.13s]
[2026-06-17T20:00:17.102+0000] {subprocess.py:93} INFO - [0m20:00:17  5 of 5 START sql incremental model public.fct_flight_telemetry ................. [RUN]
[2026-06-17T20:00:17.325+0000] {subprocess.py:93} INFO - [0m20:00:17  5 of 5 OK created sql incremental model public.fct_flight_telemetry ............ [[32mINSERT 0 100[0m in 0.22s]
[2026-06-17T20:00:17.362+0000] {subprocess.py:93} INFO - [0m20:00:17
[2026-06-17T20:00:17.364+0000] {subprocess.py:93} INFO - [0m20:00:17  Finished running 1 incremental model, 2 table models, 2 view models in 0 hours 0 minutes and 1.10 seconds (1.10s).
[2026-06-17T20:00:17.467+0000] {subprocess.py:93} INFO - [0m20:00:17
[2026-06-17T20:00:17.469+0000] {subprocess.py:93} INFO - [0m20:00:17  [32mCompleted successfully[0m
[2026-06-17T20:00:17.471+0000] {subprocess.py:93} INFO - [0m20:00:17
[2026-06-17T20:00:17.473+0000] {subprocess.py:93} INFO - [0m20:00:17  Done. PASS=5 WARN=0 ERROR=0 SKIP=0 NO-OP=0 TOTAL=5
[2026-06-17T20:00:17.992+0000] {subprocess.py:97} INFO - Command exited with return code 0
[2026-06-17T20:00:18.026+0000] {taskinstance.py:1398} INFO - Marking task as SUCCESS. dag_id=aeroflux_main_pipeline, task_id=transform_with_dbt, execution_date=20260617T190000, start_date=20260617T200011, end_date=20260617T200018
[2026-06-17T20:00:18.047+0000] {local_task_job_runner.py:228} INFO - Task exited with return code 0
[2026-06-17T20:00:18.065+0000] {taskinstance.py:2776} INFO - 0 downstream tasks scheduled from follow-on schedule check
