[2026-06-17T10:40:33.980+0000] {taskinstance.py:1157} INFO - Dependencies all met for dep_context=non-requeueable deps ti=<TaskInstance: aeroflux_main_pipeline.transform_with_dbt manual__2026-06-17T10:40:29.206963+00:00 [queued]>
[2026-06-17T10:40:33.983+0000] {taskinstance.py:1157} INFO - Dependencies all met for dep_context=requeueable deps ti=<TaskInstance: aeroflux_main_pipeline.transform_with_dbt manual__2026-06-17T10:40:29.206963+00:00 [queued]>
[2026-06-17T10:40:33.983+0000] {taskinstance.py:1359} INFO - Starting attempt 1 of 2
[2026-06-17T10:40:33.988+0000] {taskinstance.py:1380} INFO - Executing <Task(BashOperator): transform_with_dbt> on 2026-06-17 10:40:29.206963+00:00
[2026-06-17T10:40:33.991+0000] {standard_task_runner.py:57} INFO - Started process 288 to run task
[2026-06-17T10:40:33.992+0000] {standard_task_runner.py:84} INFO - Running: ['airflow', 'tasks', 'run', 'aeroflux_main_pipeline', 'transform_with_dbt', 'manual__2026-06-17T10:40:29.206963+00:00', '--job-id', '93', '--raw', '--subdir', 'DAGS_FOLDER/aeroflux_orchestrator.py', '--cfg-path', '/tmp/tmpbt8cd2gc']
[2026-06-17T10:40:33.993+0000] {standard_task_runner.py:85} INFO - Job 93: Subtask transform_with_dbt
[2026-06-17T10:40:34.018+0000] {task_command.py:415} INFO - Running <TaskInstance: aeroflux_main_pipeline.transform_with_dbt manual__2026-06-17T10:40:29.206963+00:00 [running]> on host 9f30bc777676
[2026-06-17T10:40:34.059+0000] {taskinstance.py:1660} INFO - Exporting env vars: AIRFLOW_CTX_DAG_OWNER='aeroflux_team' AIRFLOW_CTX_DAG_ID='aeroflux_main_pipeline' AIRFLOW_CTX_TASK_ID='transform_with_dbt' AIRFLOW_CTX_EXECUTION_DATE='2026-06-17T10:40:29.206963+00:00' AIRFLOW_CTX_TRY_NUMBER='1' AIRFLOW_CTX_DAG_RUN_ID='manual__2026-06-17T10:40:29.206963+00:00'
[2026-06-17T10:40:34.060+0000] {subprocess.py:63} INFO - Tmp dir root location: /tmp
[2026-06-17T10:40:34.060+0000] {subprocess.py:75} INFO - Running command: ['/bin/bash', '-c', 'cd /opt/airflow/aeroflux_transform && dbt run --profiles-dir .']
[2026-06-17T10:40:34.066+0000] {subprocess.py:86} INFO - Output:
[2026-06-17T10:40:35.245+0000] {subprocess.py:93} INFO - [0m10:40:35  Running with dbt=1.10.22
[2026-06-17T10:40:35.508+0000] {subprocess.py:93} INFO - [0m10:40:35  Registered adapter: postgres=1.9.1
[2026-06-17T10:40:36.081+0000] {subprocess.py:93} INFO - [0m10:40:36  Found 3 models, 4 data tests, 1 source, 447 macros
[2026-06-17T10:40:36.084+0000] {subprocess.py:93} INFO - [0m10:40:36
[2026-06-17T10:40:36.085+0000] {subprocess.py:93} INFO - [0m10:40:36  Concurrency: 1 threads (target='dev')
[2026-06-17T10:40:36.085+0000] {subprocess.py:93} INFO - [0m10:40:36
[2026-06-17T10:40:36.158+0000] {subprocess.py:93} INFO - [0m10:40:36  1 of 3 START sql table model public.my_first_dbt_model ......................... [RUN]
[2026-06-17T10:40:36.232+0000] {subprocess.py:93} INFO - [0m10:40:36  1 of 3 OK created sql table model public.my_first_dbt_model .................... [[32mSELECT 2[0m in 0.07s]
[2026-06-17T10:40:36.233+0000] {subprocess.py:93} INFO - [0m10:40:36  2 of 3 START sql table model public.stg_live_flights ........................... [RUN]
[2026-06-17T10:40:36.258+0000] {subprocess.py:93} INFO - [0m10:40:36  2 of 3 OK created sql table model public.stg_live_flights ...................... [[32mSELECT 200[0m in 0.02s]
[2026-06-17T10:40:36.259+0000] {subprocess.py:93} INFO - [0m10:40:36  3 of 3 START sql view model public.my_second_dbt_model ......................... [RUN]
[2026-06-17T10:40:36.293+0000] {subprocess.py:93} INFO - [0m10:40:36  3 of 3 OK created sql view model public.my_second_dbt_model .................... [[32mCREATE VIEW[0m in 0.03s]
[2026-06-17T10:40:36.302+0000] {subprocess.py:93} INFO - [0m10:40:36
[2026-06-17T10:40:36.302+0000] {subprocess.py:93} INFO - [0m10:40:36  Finished running 2 table models, 1 view model in 0 hours 0 minutes and 0.22 seconds (0.22s).
[2026-06-17T10:40:36.329+0000] {subprocess.py:93} INFO - [0m10:40:36
[2026-06-17T10:40:36.329+0000] {subprocess.py:93} INFO - [0m10:40:36  [32mCompleted successfully[0m
[2026-06-17T10:40:36.330+0000] {subprocess.py:93} INFO - [0m10:40:36
[2026-06-17T10:40:36.330+0000] {subprocess.py:93} INFO - [0m10:40:36  Done. PASS=3 WARN=0 ERROR=0 SKIP=0 NO-OP=0 TOTAL=3
[2026-06-17T10:40:36.688+0000] {subprocess.py:97} INFO - Command exited with return code 0
[2026-06-17T10:40:36.729+0000] {taskinstance.py:1398} INFO - Marking task as SUCCESS. dag_id=aeroflux_main_pipeline, task_id=transform_with_dbt, execution_date=20260617T104029, start_date=20260617T104033, end_date=20260617T104036
[2026-06-17T10:40:36.767+0000] {local_task_job_runner.py:228} INFO - Task exited with return code 0
[2026-06-17T10:40:36.791+0000] {taskinstance.py:2776} INFO - 0 downstream tasks scheduled from follow-on schedule check
