[2026-06-17T18:35:39.455+0000] {taskinstance.py:1157} INFO - Dependencies all met for dep_context=non-requeueable deps ti=<TaskInstance: aeroflux_main_pipeline.transform_with_dbt scheduled__2026-06-17T17:00:00+00:00 [queued]>
[2026-06-17T18:35:39.472+0000] {taskinstance.py:1157} INFO - Dependencies all met for dep_context=requeueable deps ti=<TaskInstance: aeroflux_main_pipeline.transform_with_dbt scheduled__2026-06-17T17:00:00+00:00 [queued]>
[2026-06-17T18:35:39.473+0000] {taskinstance.py:1359} INFO - Starting attempt 1 of 2
[2026-06-17T18:35:39.497+0000] {taskinstance.py:1380} INFO - Executing <Task(BashOperator): transform_with_dbt> on 2026-06-17 17:00:00+00:00
[2026-06-17T18:35:39.507+0000] {standard_task_runner.py:57} INFO - Started process 126 to run task
[2026-06-17T18:35:39.511+0000] {standard_task_runner.py:84} INFO - Running: ['airflow', 'tasks', 'run', 'aeroflux_main_pipeline', 'transform_with_dbt', 'scheduled__2026-06-17T17:00:00+00:00', '--job-id', '4', '--raw', '--subdir', 'DAGS_FOLDER/aeroflux_orchestrator.py', '--cfg-path', '/tmp/tmp853ffevm']
[2026-06-17T18:35:39.516+0000] {standard_task_runner.py:85} INFO - Job 4: Subtask transform_with_dbt
[2026-06-17T18:35:39.636+0000] {task_command.py:415} INFO - Running <TaskInstance: aeroflux_main_pipeline.transform_with_dbt scheduled__2026-06-17T17:00:00+00:00 [running]> on host ded05aa43409
[2026-06-17T18:35:39.792+0000] {taskinstance.py:1660} INFO - Exporting env vars: AIRFLOW_CTX_DAG_OWNER='aeroflux_team' AIRFLOW_CTX_DAG_ID='aeroflux_main_pipeline' AIRFLOW_CTX_TASK_ID='transform_with_dbt' AIRFLOW_CTX_EXECUTION_DATE='2026-06-17T17:00:00+00:00' AIRFLOW_CTX_TRY_NUMBER='1' AIRFLOW_CTX_DAG_RUN_ID='scheduled__2026-06-17T17:00:00+00:00'
[2026-06-17T18:35:39.795+0000] {subprocess.py:63} INFO - Tmp dir root location: /tmp
[2026-06-17T18:35:39.798+0000] {subprocess.py:75} INFO - Running command: ['/bin/bash', '-c', 'cd /opt/airflow/aeroflux_transform && dbt run --profiles-dir .']
[2026-06-17T18:35:39.815+0000] {subprocess.py:86} INFO - Output:
[2026-06-17T18:35:42.758+0000] {subprocess.py:93} INFO - [0m18:35:42  Running with dbt=1.10.22
[2026-06-17T18:35:43.221+0000] {subprocess.py:93} INFO - [0m18:35:43  Registered adapter: postgres=1.9.1
[2026-06-17T18:35:43.441+0000] {subprocess.py:93} INFO - [0m18:35:43  Unable to do partial parsing because saved manifest not found. Starting full parse.
[2026-06-17T18:35:46.049+0000] {subprocess.py:93} INFO - [0m18:35:46  Found 3 models, 4 data tests, 1 source, 447 macros
[2026-06-17T18:35:46.055+0000] {subprocess.py:93} INFO - [0m18:35:46
[2026-06-17T18:35:46.058+0000] {subprocess.py:93} INFO - [0m18:35:46  Concurrency: 1 threads (target='dev')
[2026-06-17T18:35:46.060+0000] {subprocess.py:93} INFO - [0m18:35:46
[2026-06-17T18:35:46.255+0000] {subprocess.py:93} INFO - [0m18:35:46  1 of 3 START sql table model public.my_first_dbt_model ......................... [RUN]
[2026-06-17T18:35:46.826+0000] {subprocess.py:93} INFO - [0m18:35:46  1 of 3 OK created sql table model public.my_first_dbt_model .................... [[32mSELECT 2[0m in 0.56s]
[2026-06-17T18:35:46.834+0000] {subprocess.py:93} INFO - [0m18:35:46  2 of 3 START sql table model public.stg_live_flights ........................... [RUN]
[2026-06-17T18:35:47.081+0000] {subprocess.py:93} INFO - [0m18:35:47  2 of 3 OK created sql table model public.stg_live_flights ...................... [[32mSELECT 200[0m in 0.24s]
[2026-06-17T18:35:47.088+0000] {subprocess.py:93} INFO - [0m18:35:47  3 of 3 START sql view model public.my_second_dbt_model ......................... [RUN]
[2026-06-17T18:35:47.325+0000] {subprocess.py:93} INFO - [0m18:35:47  3 of 3 OK created sql view model public.my_second_dbt_model .................... [[32mCREATE VIEW[0m in 0.23s]
[2026-06-17T18:35:47.379+0000] {subprocess.py:93} INFO - [0m18:35:47
[2026-06-17T18:35:47.382+0000] {subprocess.py:93} INFO - [0m18:35:47  Finished running 2 table models, 1 view model in 0 hours 0 minutes and 1.32 seconds (1.32s).
[2026-06-17T18:35:47.492+0000] {subprocess.py:93} INFO - [0m18:35:47
[2026-06-17T18:35:47.494+0000] {subprocess.py:93} INFO - [0m18:35:47  [32mCompleted successfully[0m
[2026-06-17T18:35:47.497+0000] {subprocess.py:93} INFO - [0m18:35:47
[2026-06-17T18:35:47.499+0000] {subprocess.py:93} INFO - [0m18:35:47  Done. PASS=3 WARN=0 ERROR=0 SKIP=0 NO-OP=0 TOTAL=3
[2026-06-17T18:35:48.215+0000] {subprocess.py:97} INFO - Command exited with return code 0
[2026-06-17T18:35:48.265+0000] {taskinstance.py:1398} INFO - Marking task as SUCCESS. dag_id=aeroflux_main_pipeline, task_id=transform_with_dbt, execution_date=20260617T170000, start_date=20260617T183539, end_date=20260617T183548
[2026-06-17T18:35:48.331+0000] {local_task_job_runner.py:228} INFO - Task exited with return code 0
[2026-06-17T18:35:48.352+0000] {taskinstance.py:2776} INFO - 0 downstream tasks scheduled from follow-on schedule check
