[2026-06-17T23:00:10.394+0000] {taskinstance.py:1157} INFO - Dependencies all met for dep_context=non-requeueable deps ti=<TaskInstance: aeroflux_main_pipeline.transform_with_dbt scheduled__2026-06-17T22:00:00+00:00 [queued]>
[2026-06-17T23:00:10.405+0000] {taskinstance.py:1157} INFO - Dependencies all met for dep_context=requeueable deps ti=<TaskInstance: aeroflux_main_pipeline.transform_with_dbt scheduled__2026-06-17T22:00:00+00:00 [queued]>
[2026-06-17T23:00:10.407+0000] {taskinstance.py:1359} INFO - Starting attempt 1 of 2
[2026-06-17T23:00:10.422+0000] {taskinstance.py:1380} INFO - Executing <Task(BashOperator): transform_with_dbt> on 2026-06-17 22:00:00+00:00
[2026-06-17T23:00:10.431+0000] {standard_task_runner.py:57} INFO - Started process 526 to run task
[2026-06-17T23:00:10.435+0000] {standard_task_runner.py:84} INFO - Running: ['airflow', 'tasks', 'run', 'aeroflux_main_pipeline', 'transform_with_dbt', 'scheduled__2026-06-17T22:00:00+00:00', '--job-id', '21', '--raw', '--subdir', 'DAGS_FOLDER/aeroflux_orchestrator.py', '--cfg-path', '/tmp/tmpke4nyyqe']
[2026-06-17T23:00:10.438+0000] {standard_task_runner.py:85} INFO - Job 21: Subtask transform_with_dbt
[2026-06-17T23:00:10.501+0000] {task_command.py:415} INFO - Running <TaskInstance: aeroflux_main_pipeline.transform_with_dbt scheduled__2026-06-17T22:00:00+00:00 [running]> on host ded05aa43409
[2026-06-17T23:00:10.600+0000] {taskinstance.py:1660} INFO - Exporting env vars: AIRFLOW_CTX_DAG_OWNER='aeroflux_team' AIRFLOW_CTX_DAG_ID='aeroflux_main_pipeline' AIRFLOW_CTX_TASK_ID='transform_with_dbt' AIRFLOW_CTX_EXECUTION_DATE='2026-06-17T22:00:00+00:00' AIRFLOW_CTX_TRY_NUMBER='1' AIRFLOW_CTX_DAG_RUN_ID='scheduled__2026-06-17T22:00:00+00:00'
[2026-06-17T23:00:10.603+0000] {subprocess.py:63} INFO - Tmp dir root location: /tmp
[2026-06-17T23:00:10.606+0000] {subprocess.py:75} INFO - Running command: ['/bin/bash', '-c', 'cd /opt/airflow/aeroflux_transform && dbt run --profiles-dir .']
[2026-06-17T23:00:10.624+0000] {subprocess.py:86} INFO - Output:
[2026-06-17T23:00:13.406+0000] {subprocess.py:93} INFO - [0m23:00:13  Running with dbt=1.10.22
[2026-06-17T23:00:13.874+0000] {subprocess.py:93} INFO - [0m23:00:13  Registered adapter: postgres=1.9.1
[2026-06-17T23:00:14.746+0000] {subprocess.py:93} INFO - [0m23:00:14  Found 5 models, 4 data tests, 1 source, 447 macros
[2026-06-17T23:00:14.753+0000] {subprocess.py:93} INFO - [0m23:00:14
[2026-06-17T23:00:14.755+0000] {subprocess.py:93} INFO - [0m23:00:14  Concurrency: 1 threads (target='dev')
[2026-06-17T23:00:14.757+0000] {subprocess.py:93} INFO - [0m23:00:14
[2026-06-17T23:00:14.941+0000] {subprocess.py:93} INFO - [0m23:00:14  1 of 5 START sql table model public.my_first_dbt_model ......................... [RUN]
[2026-06-17T23:00:15.152+0000] {subprocess.py:93} INFO - [0m23:00:15  1 of 5 OK created sql table model public.my_first_dbt_model .................... [[32mSELECT 2[0m in 0.20s]
[2026-06-17T23:00:15.159+0000] {subprocess.py:93} INFO - [0m23:00:15  2 of 5 START sql view model public.stg_live_flights ............................ [RUN]
[2026-06-17T23:00:15.298+0000] {subprocess.py:93} INFO - [0m23:00:15  2 of 5 OK created sql view model public.stg_live_flights ....................... [[32mCREATE VIEW[0m in 0.13s]
[2026-06-17T23:00:15.304+0000] {subprocess.py:93} INFO - [0m23:00:15  3 of 5 START sql view model public.my_second_dbt_model ......................... [RUN]
[2026-06-17T23:00:15.406+0000] {subprocess.py:93} INFO - [0m23:00:15  3 of 5 OK created sql view model public.my_second_dbt_model .................... [[32mCREATE VIEW[0m in 0.10s]
[2026-06-17T23:00:15.413+0000] {subprocess.py:93} INFO - [0m23:00:15  4 of 5 START sql table model public.dim_aircraft ............................... [RUN]
[2026-06-17T23:00:15.546+0000] {subprocess.py:93} INFO - [0m23:00:15  4 of 5 OK created sql table model public.dim_aircraft .......................... [[32mSELECT 283[0m in 0.13s]
[2026-06-17T23:00:15.553+0000] {subprocess.py:93} INFO - [0m23:00:15  5 of 5 START sql incremental model public.fct_flight_telemetry ................. [RUN]
[2026-06-17T23:00:15.772+0000] {subprocess.py:93} INFO - [0m23:00:15  5 of 5 OK created sql incremental model public.fct_flight_telemetry ............ [[32mINSERT 0 100[0m in 0.21s]
[2026-06-17T23:00:15.807+0000] {subprocess.py:93} INFO - [0m23:00:15
[2026-06-17T23:00:15.809+0000] {subprocess.py:93} INFO - [0m23:00:15  Finished running 1 incremental model, 2 table models, 2 view models in 0 hours 0 minutes and 1.05 seconds (1.05s).
[2026-06-17T23:00:15.905+0000] {subprocess.py:93} INFO - [0m23:00:15
[2026-06-17T23:00:15.907+0000] {subprocess.py:93} INFO - [0m23:00:15  [32mCompleted successfully[0m
[2026-06-17T23:00:15.909+0000] {subprocess.py:93} INFO - [0m23:00:15
[2026-06-17T23:00:15.911+0000] {subprocess.py:93} INFO - [0m23:00:15  Done. PASS=5 WARN=0 ERROR=0 SKIP=0 NO-OP=0 TOTAL=5
[2026-06-17T23:00:16.434+0000] {subprocess.py:97} INFO - Command exited with return code 0
[2026-06-17T23:00:16.465+0000] {taskinstance.py:1398} INFO - Marking task as SUCCESS. dag_id=aeroflux_main_pipeline, task_id=transform_with_dbt, execution_date=20260617T220000, start_date=20260617T230010, end_date=20260617T230016
[2026-06-17T23:00:16.515+0000] {local_task_job_runner.py:228} INFO - Task exited with return code 0
[2026-06-17T23:00:16.533+0000] {taskinstance.py:2776} INFO - 0 downstream tasks scheduled from follow-on schedule check
