[2026-06-17T10:08:31.521+0000] {taskinstance.py:1157} INFO - Dependencies all met for dep_context=non-requeueable deps ti=<TaskInstance: aeroflux_main_pipeline.transform_with_dbt manual__2026-06-17T10:08:26.802510+00:00 [queued]>
[2026-06-17T10:08:31.525+0000] {taskinstance.py:1157} INFO - Dependencies all met for dep_context=requeueable deps ti=<TaskInstance: aeroflux_main_pipeline.transform_with_dbt manual__2026-06-17T10:08:26.802510+00:00 [queued]>
[2026-06-17T10:08:31.525+0000] {taskinstance.py:1359} INFO - Starting attempt 1 of 2
[2026-06-17T10:08:31.530+0000] {taskinstance.py:1380} INFO - Executing <Task(BashOperator): transform_with_dbt> on 2026-06-17 10:08:26.802510+00:00
[2026-06-17T10:08:31.534+0000] {standard_task_runner.py:57} INFO - Started process 148 to run task
[2026-06-17T10:08:31.536+0000] {standard_task_runner.py:84} INFO - Running: ['airflow', 'tasks', 'run', 'aeroflux_main_pipeline', 'transform_with_dbt', 'manual__2026-06-17T10:08:26.802510+00:00', '--job-id', '52', '--raw', '--subdir', 'DAGS_FOLDER/aeroflux_orchestrator.py', '--cfg-path', '/tmp/tmpgkj41xk5']
[2026-06-17T10:08:31.537+0000] {standard_task_runner.py:85} INFO - Job 52: Subtask transform_with_dbt
[2026-06-17T10:08:31.564+0000] {task_command.py:415} INFO - Running <TaskInstance: aeroflux_main_pipeline.transform_with_dbt manual__2026-06-17T10:08:26.802510+00:00 [running]> on host f558328c3d85
[2026-06-17T10:08:31.619+0000] {taskinstance.py:1660} INFO - Exporting env vars: AIRFLOW_CTX_DAG_OWNER='aeroflux_team' AIRFLOW_CTX_DAG_ID='aeroflux_main_pipeline' AIRFLOW_CTX_TASK_ID='transform_with_dbt' AIRFLOW_CTX_EXECUTION_DATE='2026-06-17T10:08:26.802510+00:00' AIRFLOW_CTX_TRY_NUMBER='1' AIRFLOW_CTX_DAG_RUN_ID='manual__2026-06-17T10:08:26.802510+00:00'
[2026-06-17T10:08:31.621+0000] {subprocess.py:63} INFO - Tmp dir root location: /tmp
[2026-06-17T10:08:31.622+0000] {subprocess.py:75} INFO - Running command: ['/bin/bash', '-c', 'cd /opt/airflow/aeroflux_transform && dbt run --profiles-dir .']
[2026-06-17T10:08:31.626+0000] {subprocess.py:86} INFO - Output:
[2026-06-17T10:08:32.880+0000] {subprocess.py:93} INFO - [0m10:08:32  Running with dbt=1.10.22
[2026-06-17T10:08:33.073+0000] {subprocess.py:93} INFO - [0m10:08:33  Registered adapter: postgres=1.9.1
[2026-06-17T10:08:33.401+0000] {subprocess.py:93} INFO - [0m10:08:33  Found 2 models, 4 data tests, 447 macros
[2026-06-17T10:08:33.402+0000] {subprocess.py:93} INFO - [0m10:08:33
[2026-06-17T10:08:33.403+0000] {subprocess.py:93} INFO - [0m10:08:33  Concurrency: 1 threads (target='dev')
[2026-06-17T10:08:33.403+0000] {subprocess.py:93} INFO - [0m10:08:33
[2026-06-17T10:08:33.434+0000] {subprocess.py:93} INFO - [0m10:08:33
[2026-06-17T10:08:33.435+0000] {subprocess.py:93} INFO - [0m10:08:33  Finished running  in 0 hours 0 minutes and 0.03 seconds (0.03s).
[2026-06-17T10:08:33.436+0000] {subprocess.py:93} INFO - [0m10:08:33  Encountered an error:
[2026-06-17T10:08:33.436+0000] {subprocess.py:93} INFO - Database Error
[2026-06-17T10:08:33.436+0000] {subprocess.py:93} INFO -   connection to server at "localhost" (::1), port 5432 failed: Connection refused
[2026-06-17T10:08:33.436+0000] {subprocess.py:93} INFO -   	Is the server running on that host and accepting TCP/IP connections?
[2026-06-17T10:08:33.436+0000] {subprocess.py:93} INFO -   connection to server at "localhost" (127.0.0.1), port 5432 failed: Connection refused
[2026-06-17T10:08:33.436+0000] {subprocess.py:93} INFO -   	Is the server running on that host and accepting TCP/IP connections?
[2026-06-17T10:08:33.436+0000] {subprocess.py:93} INFO - 
[2026-06-17T10:08:33.820+0000] {subprocess.py:97} INFO - Command exited with return code 2
[2026-06-17T10:08:33.839+0000] {taskinstance.py:1935} ERROR - Task failed with exception
Traceback (most recent call last):
  File "/home/airflow/.local/lib/python3.9/site-packages/airflow/operators/bash.py", line 210, in execute
    raise AirflowException(
airflow.exceptions.AirflowException: Bash command failed. The command returned a non-zero exit code 2.
[2026-06-17T10:08:33.842+0000] {taskinstance.py:1398} INFO - Marking task as UP_FOR_RETRY. dag_id=aeroflux_main_pipeline, task_id=transform_with_dbt, execution_date=20260617T100826, start_date=20260617T100831, end_date=20260617T100833
[2026-06-17T10:08:33.851+0000] {standard_task_runner.py:104} ERROR - Failed to execute job 52 for task transform_with_dbt (Bash command failed. The command returned a non-zero exit code 2.; 148)
[2026-06-17T10:08:33.874+0000] {local_task_job_runner.py:228} INFO - Task exited with return code 1
[2026-06-17T10:08:33.896+0000] {taskinstance.py:2776} INFO - 0 downstream tasks scheduled from follow-on schedule check
