[2026-06-17T18:51:56.768+0000] {taskinstance.py:1157} INFO - Dependencies all met for dep_context=non-requeueable deps ti=<TaskInstance: aeroflux_main_pipeline.transform_with_dbt manual__2026-06-17T18:51:41.574219+00:00 [queued]>
[2026-06-17T18:51:56.779+0000] {taskinstance.py:1157} INFO - Dependencies all met for dep_context=requeueable deps ti=<TaskInstance: aeroflux_main_pipeline.transform_with_dbt manual__2026-06-17T18:51:41.574219+00:00 [queued]>
[2026-06-17T18:51:56.780+0000] {taskinstance.py:1359} INFO - Starting attempt 1 of 2
[2026-06-17T18:51:56.799+0000] {taskinstance.py:1380} INFO - Executing <Task(BashOperator): transform_with_dbt> on 2026-06-17 18:51:41.574219+00:00
[2026-06-17T18:51:56.809+0000] {standard_task_runner.py:57} INFO - Started process 276 to run task
[2026-06-17T18:51:56.814+0000] {standard_task_runner.py:84} INFO - Running: ['airflow', 'tasks', 'run', 'aeroflux_main_pipeline', 'transform_with_dbt', 'manual__2026-06-17T18:51:41.574219+00:00', '--job-id', '7', '--raw', '--subdir', 'DAGS_FOLDER/aeroflux_orchestrator.py', '--cfg-path', '/tmp/tmp2sgbebpt']
[2026-06-17T18:51:56.818+0000] {standard_task_runner.py:85} INFO - Job 7: Subtask transform_with_dbt
[2026-06-17T18:51:56.888+0000] {task_command.py:415} INFO - Running <TaskInstance: aeroflux_main_pipeline.transform_with_dbt manual__2026-06-17T18:51:41.574219+00:00 [running]> on host ded05aa43409
[2026-06-17T18:51:56.993+0000] {taskinstance.py:1660} INFO - Exporting env vars: AIRFLOW_CTX_DAG_OWNER='aeroflux_team' AIRFLOW_CTX_DAG_ID='aeroflux_main_pipeline' AIRFLOW_CTX_TASK_ID='transform_with_dbt' AIRFLOW_CTX_EXECUTION_DATE='2026-06-17T18:51:41.574219+00:00' AIRFLOW_CTX_TRY_NUMBER='1' AIRFLOW_CTX_DAG_RUN_ID='manual__2026-06-17T18:51:41.574219+00:00'
[2026-06-17T18:51:56.995+0000] {subprocess.py:63} INFO - Tmp dir root location: /tmp
[2026-06-17T18:51:56.998+0000] {subprocess.py:75} INFO - Running command: ['/bin/bash', '-c', 'cd /opt/airflow/aeroflux_transform && dbt run --profiles-dir .']
[2026-06-17T18:51:57.020+0000] {subprocess.py:86} INFO - Output:
[2026-06-17T18:52:00.391+0000] {subprocess.py:93} INFO - [0m18:52:00  Running with dbt=1.10.22
[2026-06-17T18:52:00.930+0000] {subprocess.py:93} INFO - [0m18:52:00  Registered adapter: postgres=1.9.1
[2026-06-17T18:52:02.198+0000] {subprocess.py:93} INFO - [0m18:52:02  Found 5 models, 4 data tests, 1 source, 447 macros
[2026-06-17T18:52:02.206+0000] {subprocess.py:93} INFO - [0m18:52:02
[2026-06-17T18:52:02.208+0000] {subprocess.py:93} INFO - [0m18:52:02  Concurrency: 1 threads (target='dev')
[2026-06-17T18:52:02.210+0000] {subprocess.py:93} INFO - [0m18:52:02
[2026-06-17T18:52:02.430+0000] {subprocess.py:93} INFO - [0m18:52:02  1 of 5 START sql table model public.my_first_dbt_model ......................... [RUN]
[2026-06-17T18:52:02.662+0000] {subprocess.py:93} INFO - [0m18:52:02  1 of 5 OK created sql table model public.my_first_dbt_model .................... [[32mSELECT 2[0m in 0.22s]
[2026-06-17T18:52:02.671+0000] {subprocess.py:93} INFO - [0m18:52:02  2 of 5 START sql view model public.stg_live_flights ............................ [RUN]
[2026-06-17T18:52:02.826+0000] {subprocess.py:93} INFO - [0m18:52:02  2 of 5 OK created sql view model public.stg_live_flights ....................... [[32mCREATE VIEW[0m in 0.15s]
[2026-06-17T18:52:02.834+0000] {subprocess.py:93} INFO - [0m18:52:02  3 of 5 START sql view model public.my_second_dbt_model ......................... [RUN]
[2026-06-17T18:52:02.940+0000] {subprocess.py:93} INFO - [0m18:52:02  3 of 5 OK created sql view model public.my_second_dbt_model .................... [[32mCREATE VIEW[0m in 0.10s]
[2026-06-17T18:52:02.946+0000] {subprocess.py:93} INFO - [0m18:52:02  4 of 5 START sql table model public.dim_aircraft ............................... [RUN]
[2026-06-17T18:52:03.063+0000] {subprocess.py:93} INFO - [0m18:52:03  4 of 5 OK created sql table model public.dim_aircraft .......................... [[32mSELECT 127[0m in 0.11s]
[2026-06-17T18:52:03.071+0000] {subprocess.py:93} INFO - [0m18:52:03  5 of 5 START sql table model public.fct_flight_telemetry ....................... [RUN]
[2026-06-17T18:52:03.190+0000] {subprocess.py:93} INFO - [0m18:52:03  5 of 5 OK created sql table model public.fct_flight_telemetry .................. [[32mSELECT 300[0m in 0.11s]
[2026-06-17T18:52:03.228+0000] {subprocess.py:93} INFO - [0m18:52:03
[2026-06-17T18:52:03.230+0000] {subprocess.py:93} INFO - [0m18:52:03  Finished running 3 table models, 2 view models in 0 hours 0 minutes and 1.02 seconds (1.02s).
[2026-06-17T18:52:03.405+0000] {subprocess.py:93} INFO - [0m18:52:03
[2026-06-17T18:52:03.407+0000] {subprocess.py:93} INFO - [0m18:52:03  [32mCompleted successfully[0m
[2026-06-17T18:52:03.410+0000] {subprocess.py:93} INFO - [0m18:52:03
[2026-06-17T18:52:03.412+0000] {subprocess.py:93} INFO - [0m18:52:03  Done. PASS=5 WARN=0 ERROR=0 SKIP=0 NO-OP=0 TOTAL=5
[2026-06-17T18:52:03.928+0000] {subprocess.py:97} INFO - Command exited with return code 0
[2026-06-17T18:52:03.964+0000] {taskinstance.py:1398} INFO - Marking task as SUCCESS. dag_id=aeroflux_main_pipeline, task_id=transform_with_dbt, execution_date=20260617T185141, start_date=20260617T185156, end_date=20260617T185203
[2026-06-17T18:52:04.022+0000] {local_task_job_runner.py:228} INFO - Task exited with return code 0
[2026-06-17T18:52:04.042+0000] {taskinstance.py:2776} INFO - 0 downstream tasks scheduled from follow-on schedule check
