[2026-06-17T10:49:41.592+0000] {taskinstance.py:1157} INFO - Dependencies all met for dep_context=non-requeueable deps ti=<TaskInstance: aeroflux_main_pipeline.transform_with_dbt manual__2026-06-17T10:49:36.493732+00:00 [queued]>
[2026-06-17T10:49:41.595+0000] {taskinstance.py:1157} INFO - Dependencies all met for dep_context=requeueable deps ti=<TaskInstance: aeroflux_main_pipeline.transform_with_dbt manual__2026-06-17T10:49:36.493732+00:00 [queued]>
[2026-06-17T10:49:41.596+0000] {taskinstance.py:1359} INFO - Starting attempt 1 of 2
[2026-06-17T10:49:41.602+0000] {taskinstance.py:1380} INFO - Executing <Task(BashOperator): transform_with_dbt> on 2026-06-17 10:49:36.493732+00:00
[2026-06-17T10:49:41.604+0000] {standard_task_runner.py:57} INFO - Started process 417 to run task
[2026-06-17T10:49:41.606+0000] {standard_task_runner.py:84} INFO - Running: ['airflow', 'tasks', 'run', 'aeroflux_main_pipeline', 'transform_with_dbt', 'manual__2026-06-17T10:49:36.493732+00:00', '--job-id', '98', '--raw', '--subdir', 'DAGS_FOLDER/aeroflux_orchestrator.py', '--cfg-path', '/tmp/tmpm4__rc8n']
[2026-06-17T10:49:41.607+0000] {standard_task_runner.py:85} INFO - Job 98: Subtask transform_with_dbt
[2026-06-17T10:49:41.635+0000] {task_command.py:415} INFO - Running <TaskInstance: aeroflux_main_pipeline.transform_with_dbt manual__2026-06-17T10:49:36.493732+00:00 [running]> on host 9f30bc777676
[2026-06-17T10:49:41.681+0000] {taskinstance.py:1660} INFO - Exporting env vars: AIRFLOW_CTX_DAG_OWNER='aeroflux_team' AIRFLOW_CTX_DAG_ID='aeroflux_main_pipeline' AIRFLOW_CTX_TASK_ID='transform_with_dbt' AIRFLOW_CTX_EXECUTION_DATE='2026-06-17T10:49:36.493732+00:00' AIRFLOW_CTX_TRY_NUMBER='1' AIRFLOW_CTX_DAG_RUN_ID='manual__2026-06-17T10:49:36.493732+00:00'
[2026-06-17T10:49:41.682+0000] {subprocess.py:63} INFO - Tmp dir root location: /tmp
[2026-06-17T10:49:41.683+0000] {subprocess.py:75} INFO - Running command: ['/bin/bash', '-c', 'cd /opt/airflow/aeroflux_transform && dbt run --profiles-dir .']
[2026-06-17T10:49:41.687+0000] {subprocess.py:86} INFO - Output:
[2026-06-17T10:49:42.918+0000] {subprocess.py:93} INFO - [0m10:49:42  Running with dbt=1.10.22
[2026-06-17T10:49:43.102+0000] {subprocess.py:93} INFO - [0m10:49:43  Registered adapter: postgres=1.9.1
[2026-06-17T10:49:43.504+0000] {subprocess.py:93} INFO - [0m10:49:43  Found 3 models, 4 data tests, 1 source, 447 macros
[2026-06-17T10:49:43.506+0000] {subprocess.py:93} INFO - [0m10:49:43
[2026-06-17T10:49:43.507+0000] {subprocess.py:93} INFO - [0m10:49:43  Concurrency: 1 threads (target='dev')
[2026-06-17T10:49:43.507+0000] {subprocess.py:93} INFO - [0m10:49:43
[2026-06-17T10:49:43.585+0000] {subprocess.py:93} INFO - [0m10:49:43  1 of 3 START sql table model public.my_first_dbt_model ......................... [RUN]
[2026-06-17T10:49:43.667+0000] {subprocess.py:93} INFO - [0m10:49:43  1 of 3 OK created sql table model public.my_first_dbt_model .................... [[32mSELECT 2[0m in 0.08s]
[2026-06-17T10:49:43.669+0000] {subprocess.py:93} INFO - [0m10:49:43  2 of 3 START sql table model public.stg_live_flights ........................... [RUN]
[2026-06-17T10:49:43.701+0000] {subprocess.py:93} INFO - [0m10:49:43  2 of 3 OK created sql table model public.stg_live_flights ...................... [[32mSELECT 300[0m in 0.03s]
[2026-06-17T10:49:43.702+0000] {subprocess.py:93} INFO - [0m10:49:43  3 of 3 START sql view model public.my_second_dbt_model ......................... [RUN]
[2026-06-17T10:49:43.742+0000] {subprocess.py:93} INFO - [0m10:49:43  3 of 3 OK created sql view model public.my_second_dbt_model .................... [[32mCREATE VIEW[0m in 0.04s]
[2026-06-17T10:49:43.751+0000] {subprocess.py:93} INFO - [0m10:49:43
[2026-06-17T10:49:43.752+0000] {subprocess.py:93} INFO - [0m10:49:43  Finished running 2 table models, 1 view model in 0 hours 0 minutes and 0.24 seconds (0.24s).
[2026-06-17T10:49:43.781+0000] {subprocess.py:93} INFO - [0m10:49:43
[2026-06-17T10:49:43.782+0000] {subprocess.py:93} INFO - [0m10:49:43  [32mCompleted successfully[0m
[2026-06-17T10:49:43.782+0000] {subprocess.py:93} INFO - [0m10:49:43
[2026-06-17T10:49:43.782+0000] {subprocess.py:93} INFO - [0m10:49:43  Done. PASS=3 WARN=0 ERROR=0 SKIP=0 NO-OP=0 TOTAL=3
[2026-06-17T10:49:44.121+0000] {subprocess.py:97} INFO - Command exited with return code 0
[2026-06-17T10:49:44.151+0000] {taskinstance.py:1398} INFO - Marking task as SUCCESS. dag_id=aeroflux_main_pipeline, task_id=transform_with_dbt, execution_date=20260617T104936, start_date=20260617T104941, end_date=20260617T104944
[2026-06-17T10:49:44.185+0000] {local_task_job_runner.py:228} INFO - Task exited with return code 0
[2026-06-17T10:49:44.214+0000] {taskinstance.py:2776} INFO - 0 downstream tasks scheduled from follow-on schedule check
