[2026-06-17T10:02:09.039+0000] {taskinstance.py:1157} INFO - Dependencies all met for dep_context=non-requeueable deps ti=<TaskInstance: aeroflux_main_pipeline.transform_with_dbt scheduled__2026-06-17T09:00:00+00:00 [queued]>
[2026-06-17T10:02:09.042+0000] {taskinstance.py:1157} INFO - Dependencies all met for dep_context=requeueable deps ti=<TaskInstance: aeroflux_main_pipeline.transform_with_dbt scheduled__2026-06-17T09:00:00+00:00 [queued]>
[2026-06-17T10:02:09.043+0000] {taskinstance.py:1359} INFO - Starting attempt 2 of 2
[2026-06-17T10:02:09.048+0000] {taskinstance.py:1380} INFO - Executing <Task(BashOperator): transform_with_dbt> on 2026-06-17 09:00:00+00:00
[2026-06-17T10:02:09.051+0000] {standard_task_runner.py:57} INFO - Started process 62 to run task
[2026-06-17T10:02:09.053+0000] {standard_task_runner.py:84} INFO - Running: ['airflow', 'tasks', 'run', 'aeroflux_main_pipeline', 'transform_with_dbt', 'scheduled__2026-06-17T09:00:00+00:00', '--job-id', '47', '--raw', '--subdir', 'DAGS_FOLDER/aeroflux_orchestrator.py', '--cfg-path', '/tmp/tmpcyfhkbzi']
[2026-06-17T10:02:09.054+0000] {standard_task_runner.py:85} INFO - Job 47: Subtask transform_with_dbt
[2026-06-17T10:02:09.096+0000] {task_command.py:415} INFO - Running <TaskInstance: aeroflux_main_pipeline.transform_with_dbt scheduled__2026-06-17T09:00:00+00:00 [running]> on host f558328c3d85
[2026-06-17T10:02:09.140+0000] {taskinstance.py:1660} INFO - Exporting env vars: AIRFLOW_CTX_DAG_OWNER='aeroflux_team' AIRFLOW_CTX_DAG_ID='aeroflux_main_pipeline' AIRFLOW_CTX_TASK_ID='transform_with_dbt' AIRFLOW_CTX_EXECUTION_DATE='2026-06-17T09:00:00+00:00' AIRFLOW_CTX_TRY_NUMBER='2' AIRFLOW_CTX_DAG_RUN_ID='scheduled__2026-06-17T09:00:00+00:00'
[2026-06-17T10:02:09.141+0000] {subprocess.py:63} INFO - Tmp dir root location: /tmp
[2026-06-17T10:02:09.142+0000] {subprocess.py:75} INFO - Running command: ['/bin/bash', '-c', 'cd /opt/airflow/aeroflux_transform && dbt run --profiles-dir .']
[2026-06-17T10:02:09.146+0000] {subprocess.py:86} INFO - Output:
[2026-06-17T10:02:10.488+0000] {subprocess.py:93} INFO - [0m10:02:10  Running with dbt=1.10.22
[2026-06-17T10:02:10.685+0000] {subprocess.py:93} INFO - [0m10:02:10  Registered adapter: postgres=1.9.1
[2026-06-17T10:02:10.928+0000] {subprocess.py:93} INFO - [0m10:02:10  Found 2 models, 4 data tests, 447 macros
[2026-06-17T10:02:10.929+0000] {subprocess.py:93} INFO - [0m10:02:10
[2026-06-17T10:02:10.930+0000] {subprocess.py:93} INFO - [0m10:02:10  Concurrency: 1 threads (target='dev')
[2026-06-17T10:02:10.930+0000] {subprocess.py:93} INFO - [0m10:02:10
[2026-06-17T10:02:10.965+0000] {subprocess.py:93} INFO - [0m10:02:10
[2026-06-17T10:02:10.965+0000] {subprocess.py:93} INFO - [0m10:02:10  Finished running  in 0 hours 0 minutes and 0.03 seconds (0.03s).
[2026-06-17T10:02:10.966+0000] {subprocess.py:93} INFO - [0m10:02:10  Encountered an error:
[2026-06-17T10:02:10.966+0000] {subprocess.py:93} INFO - Database Error
[2026-06-17T10:02:10.966+0000] {subprocess.py:93} INFO -   connection to server at "localhost" (::1), port 5432 failed: Connection refused
[2026-06-17T10:02:10.966+0000] {subprocess.py:93} INFO -   	Is the server running on that host and accepting TCP/IP connections?
[2026-06-17T10:02:10.966+0000] {subprocess.py:93} INFO -   connection to server at "localhost" (127.0.0.1), port 5432 failed: Connection refused
[2026-06-17T10:02:10.966+0000] {subprocess.py:93} INFO -   	Is the server running on that host and accepting TCP/IP connections?
[2026-06-17T10:02:10.966+0000] {subprocess.py:93} INFO - 
[2026-06-17T10:02:11.539+0000] {subprocess.py:97} INFO - Command exited with return code 2
[2026-06-17T10:02:11.561+0000] {taskinstance.py:1935} ERROR - Task failed with exception
Traceback (most recent call last):
  File "/home/airflow/.local/lib/python3.9/site-packages/airflow/operators/bash.py", line 210, in execute
    raise AirflowException(
airflow.exceptions.AirflowException: Bash command failed. The command returned a non-zero exit code 2.
[2026-06-17T10:02:11.564+0000] {taskinstance.py:1398} INFO - Marking task as FAILED. dag_id=aeroflux_main_pipeline, task_id=transform_with_dbt, execution_date=20260617T090000, start_date=20260617T100209, end_date=20260617T100211
[2026-06-17T10:02:11.577+0000] {standard_task_runner.py:104} ERROR - Failed to execute job 47 for task transform_with_dbt (Bash command failed. The command returned a non-zero exit code 2.; 62)
[2026-06-17T10:02:11.620+0000] {local_task_job_runner.py:228} INFO - Task exited with return code 1
[2026-06-17T10:02:11.641+0000] {taskinstance.py:2776} INFO - 0 downstream tasks scheduled from follow-on schedule check
