[2026-06-17T19:30:05.872+0000] {taskinstance.py:1157} INFO - Dependencies all met for dep_context=non-requeueable deps ti=<TaskInstance: aeroflux_main_pipeline.transform_with_dbt manual__2026-06-17T19:29:53.927817+00:00 [queued]>
[2026-06-17T19:30:05.883+0000] {taskinstance.py:1157} INFO - Dependencies all met for dep_context=requeueable deps ti=<TaskInstance: aeroflux_main_pipeline.transform_with_dbt manual__2026-06-17T19:29:53.927817+00:00 [queued]>
[2026-06-17T19:30:05.885+0000] {taskinstance.py:1359} INFO - Starting attempt 1 of 2
[2026-06-17T19:30:05.900+0000] {taskinstance.py:1380} INFO - Executing <Task(BashOperator): transform_with_dbt> on 2026-06-17 19:29:53.927817+00:00
[2026-06-17T19:30:05.923+0000] {standard_task_runner.py:57} INFO - Started process 532 to run task
[2026-06-17T19:30:05.927+0000] {standard_task_runner.py:84} INFO - Running: ['airflow', 'tasks', 'run', 'aeroflux_main_pipeline', 'transform_with_dbt', 'manual__2026-06-17T19:29:53.927817+00:00', '--job-id', '11', '--raw', '--subdir', 'DAGS_FOLDER/aeroflux_orchestrator.py', '--cfg-path', '/tmp/tmp4fhjd1aw']
[2026-06-17T19:30:05.930+0000] {standard_task_runner.py:85} INFO - Job 11: Subtask transform_with_dbt
[2026-06-17T19:30:05.992+0000] {task_command.py:415} INFO - Running <TaskInstance: aeroflux_main_pipeline.transform_with_dbt manual__2026-06-17T19:29:53.927817+00:00 [running]> on host ded05aa43409
[2026-06-17T19:30:06.092+0000] {taskinstance.py:1660} INFO - Exporting env vars: AIRFLOW_CTX_DAG_OWNER='aeroflux_team' AIRFLOW_CTX_DAG_ID='aeroflux_main_pipeline' AIRFLOW_CTX_TASK_ID='transform_with_dbt' AIRFLOW_CTX_EXECUTION_DATE='2026-06-17T19:29:53.927817+00:00' AIRFLOW_CTX_TRY_NUMBER='1' AIRFLOW_CTX_DAG_RUN_ID='manual__2026-06-17T19:29:53.927817+00:00'
[2026-06-17T19:30:06.095+0000] {subprocess.py:63} INFO - Tmp dir root location: /tmp
[2026-06-17T19:30:06.097+0000] {subprocess.py:75} INFO - Running command: ['/bin/bash', '-c', 'cd /opt/airflow/aeroflux_transform && dbt run --profiles-dir .']
[2026-06-17T19:30:06.131+0000] {subprocess.py:86} INFO - Output:
[2026-06-17T19:30:09.149+0000] {subprocess.py:93} INFO - [0m19:30:09  Running with dbt=1.10.22
[2026-06-17T19:30:09.725+0000] {subprocess.py:93} INFO - [0m19:30:09  Registered adapter: postgres=1.9.1
[2026-06-17T19:30:10.962+0000] {subprocess.py:93} INFO - [0m19:30:10  Found 5 models, 4 data tests, 1 source, 447 macros
[2026-06-17T19:30:10.968+0000] {subprocess.py:93} INFO - [0m19:30:10
[2026-06-17T19:30:10.970+0000] {subprocess.py:93} INFO - [0m19:30:10  Concurrency: 1 threads (target='dev')
[2026-06-17T19:30:10.973+0000] {subprocess.py:93} INFO - [0m19:30:10
[2026-06-17T19:30:11.187+0000] {subprocess.py:93} INFO - [0m19:30:11  1 of 5 START sql table model public.my_first_dbt_model ......................... [RUN]
[2026-06-17T19:30:11.448+0000] {subprocess.py:93} INFO - [0m19:30:11  1 of 5 OK created sql table model public.my_first_dbt_model .................... [[32mSELECT 2[0m in 0.25s]
[2026-06-17T19:30:11.455+0000] {subprocess.py:93} INFO - [0m19:30:11  2 of 5 START sql view model public.stg_live_flights ............................ [RUN]
[2026-06-17T19:30:11.635+0000] {subprocess.py:93} INFO - [0m19:30:11  2 of 5 OK created sql view model public.stg_live_flights ....................... [[32mCREATE VIEW[0m in 0.17s]
[2026-06-17T19:30:11.645+0000] {subprocess.py:93} INFO - [0m19:30:11  3 of 5 START sql view model public.my_second_dbt_model ......................... [RUN]
[2026-06-17T19:30:11.773+0000] {subprocess.py:93} INFO - [0m19:30:11  3 of 5 OK created sql view model public.my_second_dbt_model .................... [[32mCREATE VIEW[0m in 0.12s]
[2026-06-17T19:30:11.780+0000] {subprocess.py:93} INFO - [0m19:30:11  4 of 5 START sql table model public.dim_aircraft ............................... [RUN]
[2026-06-17T19:30:11.916+0000] {subprocess.py:93} INFO - [0m19:30:11  4 of 5 OK created sql table model public.dim_aircraft .......................... [[32mSELECT 127[0m in 0.13s]
[2026-06-17T19:30:11.924+0000] {subprocess.py:93} INFO - [0m19:30:11  5 of 5 START sql incremental model public.fct_flight_telemetry ................. [RUN]
[2026-06-17T19:30:12.296+0000] {subprocess.py:93} INFO - [0m19:30:12  5 of 5 ERROR creating sql incremental model public.fct_flight_telemetry ........ [[31mERROR[0m in 0.37s]
[2026-06-17T19:30:12.352+0000] {subprocess.py:93} INFO - [0m19:30:12
[2026-06-17T19:30:12.355+0000] {subprocess.py:93} INFO - [0m19:30:12  Finished running 1 incremental model, 2 table models, 2 view models in 0 hours 0 minutes and 1.38 seconds (1.38s).
[2026-06-17T19:30:12.480+0000] {subprocess.py:93} INFO - [0m19:30:12
[2026-06-17T19:30:12.481+0000] {subprocess.py:93} INFO - [0m19:30:12  [31mCompleted with 1 error, 0 partial successes, and 0 warnings:[0m
[2026-06-17T19:30:12.483+0000] {subprocess.py:93} INFO - [0m19:30:12
[2026-06-17T19:30:12.486+0000] {subprocess.py:93} INFO - [0m19:30:12  [31mFailure in model fct_flight_telemetry (models/example/fct_flight_telemetry.sql)[0m
[2026-06-17T19:30:12.488+0000] {subprocess.py:93} INFO - [0m19:30:12    Database Error in model fct_flight_telemetry (models/example/fct_flight_telemetry.sql)
[2026-06-17T19:30:12.488+0000] {subprocess.py:93} INFO -   column "telemetry_id" does not exist
[2026-06-17T19:30:12.489+0000] {subprocess.py:93} INFO -   LINE 7:         where (telemetry_id) in (
[2026-06-17T19:30:12.490+0000] {subprocess.py:93} INFO -                          ^
[2026-06-17T19:30:12.491+0000] {subprocess.py:93} INFO -   compiled code at target/run/aeroflux_transform/models/example/fct_flight_telemetry.sql
[2026-06-17T19:30:12.492+0000] {subprocess.py:93} INFO - [0m19:30:12
[2026-06-17T19:30:12.493+0000] {subprocess.py:93} INFO - [0m19:30:12    compiled code at target/compiled/aeroflux_transform/models/example/fct_flight_telemetry.sql
[2026-06-17T19:30:12.493+0000] {subprocess.py:93} INFO - [0m19:30:12
[2026-06-17T19:30:12.495+0000] {subprocess.py:93} INFO - [0m19:30:12  Done. PASS=4 WARN=0 ERROR=1 SKIP=0 NO-OP=0 TOTAL=5
[2026-06-17T19:30:13.063+0000] {subprocess.py:97} INFO - Command exited with return code 1
[2026-06-17T19:30:13.080+0000] {taskinstance.py:1935} ERROR - Task failed with exception
Traceback (most recent call last):
  File "/home/airflow/.local/lib/python3.9/site-packages/airflow/operators/bash.py", line 210, in execute
    raise AirflowException(
airflow.exceptions.AirflowException: Bash command failed. The command returned a non-zero exit code 1.
[2026-06-17T19:30:13.086+0000] {taskinstance.py:1398} INFO - Marking task as UP_FOR_RETRY. dag_id=aeroflux_main_pipeline, task_id=transform_with_dbt, execution_date=20260617T192953, start_date=20260617T193005, end_date=20260617T193013
[2026-06-17T19:30:13.106+0000] {standard_task_runner.py:104} ERROR - Failed to execute job 11 for task transform_with_dbt (Bash command failed. The command returned a non-zero exit code 1.; 532)
[2026-06-17T19:30:13.135+0000] {local_task_job_runner.py:228} INFO - Task exited with return code 1
[2026-06-17T19:30:13.154+0000] {taskinstance.py:2776} INFO - 0 downstream tasks scheduled from follow-on schedule check
