[2026-06-17T09:45:49.711+0000] {taskinstance.py:1157} INFO - Dependencies all met for dep_context=non-requeueable deps ti=<TaskInstance: aeroflux_main_pipeline.transform_with_dbt manual__2026-06-17T09:45:44.253946+00:00 [queued]>
[2026-06-17T09:45:49.715+0000] {taskinstance.py:1157} INFO - Dependencies all met for dep_context=requeueable deps ti=<TaskInstance: aeroflux_main_pipeline.transform_with_dbt manual__2026-06-17T09:45:44.253946+00:00 [queued]>
[2026-06-17T09:45:49.716+0000] {taskinstance.py:1359} INFO - Starting attempt 1 of 2
[2026-06-17T09:45:49.721+0000] {taskinstance.py:1380} INFO - Executing <Task(BashOperator): transform_with_dbt> on 2026-06-17 09:45:44.253946+00:00
[2026-06-17T09:45:49.725+0000] {standard_task_runner.py:57} INFO - Started process 239 to run task
[2026-06-17T09:45:49.729+0000] {standard_task_runner.py:84} INFO - Running: ['airflow', 'tasks', 'run', 'aeroflux_main_pipeline', 'transform_with_dbt', 'manual__2026-06-17T09:45:44.253946+00:00', '--job-id', '9', '--raw', '--subdir', 'DAGS_FOLDER/aeroflux_orchestrator.py', '--cfg-path', '/tmp/tmphh8apr2u']
[2026-06-17T09:45:49.730+0000] {standard_task_runner.py:85} INFO - Job 9: Subtask transform_with_dbt
[2026-06-17T09:45:49.766+0000] {task_command.py:415} INFO - Running <TaskInstance: aeroflux_main_pipeline.transform_with_dbt manual__2026-06-17T09:45:44.253946+00:00 [running]> on host bf0afb663f14
[2026-06-17T09:45:49.816+0000] {taskinstance.py:1660} INFO - Exporting env vars: AIRFLOW_CTX_DAG_OWNER='aeroflux_team' AIRFLOW_CTX_DAG_ID='aeroflux_main_pipeline' AIRFLOW_CTX_TASK_ID='transform_with_dbt' AIRFLOW_CTX_EXECUTION_DATE='2026-06-17T09:45:44.253946+00:00' AIRFLOW_CTX_TRY_NUMBER='1' AIRFLOW_CTX_DAG_RUN_ID='manual__2026-06-17T09:45:44.253946+00:00'
[2026-06-17T09:45:49.818+0000] {subprocess.py:63} INFO - Tmp dir root location: /tmp
[2026-06-17T09:45:49.818+0000] {subprocess.py:75} INFO - Running command: ['/bin/bash', '-c', 'cd /opt/airflow/aeroflux_transform && dbt run --profiles-dir .']
[2026-06-17T09:45:49.824+0000] {subprocess.py:86} INFO - Output:
[2026-06-17T09:45:49.832+0000] {subprocess.py:93} INFO - /bin/bash: line 1: dbt: command not found
[2026-06-17T09:45:49.832+0000] {subprocess.py:97} INFO - Command exited with return code 127
[2026-06-17T09:45:49.840+0000] {taskinstance.py:1935} ERROR - Task failed with exception
Traceback (most recent call last):
  File "/home/airflow/.local/lib/python3.9/site-packages/airflow/operators/bash.py", line 210, in execute
    raise AirflowException(
airflow.exceptions.AirflowException: Bash command failed. The command returned a non-zero exit code 127.
[2026-06-17T09:45:49.842+0000] {taskinstance.py:1398} INFO - Marking task as UP_FOR_RETRY. dag_id=aeroflux_main_pipeline, task_id=transform_with_dbt, execution_date=20260617T094544, start_date=20260617T094549, end_date=20260617T094549
[2026-06-17T09:45:49.847+0000] {standard_task_runner.py:104} ERROR - Failed to execute job 9 for task transform_with_dbt (Bash command failed. The command returned a non-zero exit code 127.; 239)
[2026-06-17T09:45:49.870+0000] {local_task_job_runner.py:228} INFO - Task exited with return code 1
[2026-06-17T09:45:49.882+0000] {taskinstance.py:2776} INFO - 0 downstream tasks scheduled from follow-on schedule check
