[2026-06-17T21:00:11.199+0000] {taskinstance.py:1157} INFO - Dependencies all met for dep_context=non-requeueable deps ti=<TaskInstance: aeroflux_main_pipeline.transform_with_dbt scheduled__2026-06-17T20:00:00+00:00 [queued]>
[2026-06-17T21:00:11.210+0000] {taskinstance.py:1157} INFO - Dependencies all met for dep_context=requeueable deps ti=<TaskInstance: aeroflux_main_pipeline.transform_with_dbt scheduled__2026-06-17T20:00:00+00:00 [queued]>
[2026-06-17T21:00:11.212+0000] {taskinstance.py:1359} INFO - Starting attempt 1 of 2
[2026-06-17T21:00:11.228+0000] {taskinstance.py:1380} INFO - Executing <Task(BashOperator): transform_with_dbt> on 2026-06-17 20:00:00+00:00
[2026-06-17T21:00:11.242+0000] {standard_task_runner.py:57} INFO - Started process 1001 to run task
[2026-06-17T21:00:11.246+0000] {standard_task_runner.py:84} INFO - Running: ['airflow', 'tasks', 'run', 'aeroflux_main_pipeline', 'transform_with_dbt', 'scheduled__2026-06-17T20:00:00+00:00', '--job-id', '16', '--raw', '--subdir', 'DAGS_FOLDER/aeroflux_orchestrator.py', '--cfg-path', '/tmp/tmpptyl_k4d']
[2026-06-17T21:00:11.249+0000] {standard_task_runner.py:85} INFO - Job 16: Subtask transform_with_dbt
[2026-06-17T21:00:11.320+0000] {task_command.py:415} INFO - Running <TaskInstance: aeroflux_main_pipeline.transform_with_dbt scheduled__2026-06-17T20:00:00+00:00 [running]> on host ded05aa43409
[2026-06-17T21:00:11.447+0000] {taskinstance.py:1660} INFO - Exporting env vars: AIRFLOW_CTX_DAG_OWNER='aeroflux_team' AIRFLOW_CTX_DAG_ID='aeroflux_main_pipeline' AIRFLOW_CTX_TASK_ID='transform_with_dbt' AIRFLOW_CTX_EXECUTION_DATE='2026-06-17T20:00:00+00:00' AIRFLOW_CTX_TRY_NUMBER='1' AIRFLOW_CTX_DAG_RUN_ID='scheduled__2026-06-17T20:00:00+00:00'
[2026-06-17T21:00:11.451+0000] {subprocess.py:63} INFO - Tmp dir root location: /tmp
[2026-06-17T21:00:11.453+0000] {subprocess.py:75} INFO - Running command: ['/bin/bash', '-c', 'cd /opt/airflow/aeroflux_transform && dbt run --profiles-dir .']
[2026-06-17T21:00:11.480+0000] {subprocess.py:86} INFO - Output:
[2026-06-17T21:00:14.401+0000] {subprocess.py:93} INFO - [0m21:00:14  Running with dbt=1.10.22
[2026-06-17T21:00:14.924+0000] {subprocess.py:93} INFO - [0m21:00:14  Registered adapter: postgres=1.9.1
[2026-06-17T21:00:15.858+0000] {subprocess.py:93} INFO - [0m21:00:15  Found 5 models, 4 data tests, 1 source, 447 macros
[2026-06-17T21:00:15.864+0000] {subprocess.py:93} INFO - [0m21:00:15
[2026-06-17T21:00:15.866+0000] {subprocess.py:93} INFO - [0m21:00:15  Concurrency: 1 threads (target='dev')
[2026-06-17T21:00:15.868+0000] {subprocess.py:93} INFO - [0m21:00:15
[2026-06-17T21:00:16.084+0000] {subprocess.py:93} INFO - [0m21:00:16  1 of 5 START sql table model public.my_first_dbt_model ......................... [RUN]
[2026-06-17T21:00:16.312+0000] {subprocess.py:93} INFO - [0m21:00:16  1 of 5 OK created sql table model public.my_first_dbt_model .................... [[32mSELECT 2[0m in 0.22s]
[2026-06-17T21:00:16.320+0000] {subprocess.py:93} INFO - [0m21:00:16  2 of 5 START sql view model public.stg_live_flights ............................ [RUN]
[2026-06-17T21:00:16.468+0000] {subprocess.py:93} INFO - [0m21:00:16  2 of 5 OK created sql view model public.stg_live_flights ....................... [[32mCREATE VIEW[0m in 0.14s]
[2026-06-17T21:00:16.476+0000] {subprocess.py:93} INFO - [0m21:00:16  3 of 5 START sql view model public.my_second_dbt_model ......................... [RUN]
[2026-06-17T21:00:16.589+0000] {subprocess.py:93} INFO - [0m21:00:16  3 of 5 OK created sql view model public.my_second_dbt_model .................... [[32mCREATE VIEW[0m in 0.11s]
[2026-06-17T21:00:16.597+0000] {subprocess.py:93} INFO - [0m21:00:16  4 of 5 START sql table model public.dim_aircraft ............................... [RUN]
[2026-06-17T21:00:16.747+0000] {subprocess.py:93} INFO - [0m21:00:16  4 of 5 OK created sql table model public.dim_aircraft .......................... [[32mSELECT 180[0m in 0.14s]
[2026-06-17T21:00:16.755+0000] {subprocess.py:93} INFO - [0m21:00:16  5 of 5 START sql incremental model public.fct_flight_telemetry ................. [RUN]
[2026-06-17T21:00:17.039+0000] {subprocess.py:93} INFO - [0m21:00:17  5 of 5 OK created sql incremental model public.fct_flight_telemetry ............ [[32mINSERT 0 0[0m in 0.28s]
[2026-06-17T21:00:17.083+0000] {subprocess.py:93} INFO - [0m21:00:17
[2026-06-17T21:00:17.085+0000] {subprocess.py:93} INFO - [0m21:00:17  Finished running 1 incremental model, 2 table models, 2 view models in 0 hours 0 minutes and 1.21 seconds (1.21s).
[2026-06-17T21:00:17.203+0000] {subprocess.py:93} INFO - [0m21:00:17
[2026-06-17T21:00:17.206+0000] {subprocess.py:93} INFO - [0m21:00:17  [32mCompleted successfully[0m
[2026-06-17T21:00:17.208+0000] {subprocess.py:93} INFO - [0m21:00:17
[2026-06-17T21:00:17.210+0000] {subprocess.py:93} INFO - [0m21:00:17  Done. PASS=5 WARN=0 ERROR=0 SKIP=0 NO-OP=0 TOTAL=5
[2026-06-17T21:00:17.752+0000] {subprocess.py:97} INFO - Command exited with return code 0
[2026-06-17T21:00:17.785+0000] {taskinstance.py:1398} INFO - Marking task as SUCCESS. dag_id=aeroflux_main_pipeline, task_id=transform_with_dbt, execution_date=20260617T200000, start_date=20260617T210011, end_date=20260617T210017
[2026-06-17T21:00:17.811+0000] {local_task_job_runner.py:228} INFO - Task exited with return code 0
[2026-06-17T21:00:17.833+0000] {taskinstance.py:2776} INFO - 0 downstream tasks scheduled from follow-on schedule check
