[2026-06-17T09:58:15.688+0000] {taskinstance.py:1157} INFO - Dependencies all met for dep_context=non-requeueable deps ti=<TaskInstance: aeroflux_main_pipeline.transform_with_dbt manual__2026-06-17T09:56:08.240572+00:00 [queued]>
[2026-06-17T09:58:15.692+0000] {taskinstance.py:1157} INFO - Dependencies all met for dep_context=requeueable deps ti=<TaskInstance: aeroflux_main_pipeline.transform_with_dbt manual__2026-06-17T09:56:08.240572+00:00 [queued]>
[2026-06-17T09:58:15.692+0000] {taskinstance.py:1359} INFO - Starting attempt 2 of 2
[2026-06-17T09:58:15.697+0000] {taskinstance.py:1380} INFO - Executing <Task(BashOperator): transform_with_dbt> on 2026-06-17 09:56:08.240572+00:00
[2026-06-17T09:58:15.701+0000] {standard_task_runner.py:57} INFO - Started process 337 to run task
[2026-06-17T09:58:15.705+0000] {standard_task_runner.py:84} INFO - Running: ['airflow', 'tasks', 'run', 'aeroflux_main_pipeline', 'transform_with_dbt', 'manual__2026-06-17T09:56:08.240572+00:00', '--job-id', '13', '--raw', '--subdir', 'DAGS_FOLDER/aeroflux_orchestrator.py', '--cfg-path', '/tmp/tmp74m9bm5e']
[2026-06-17T09:58:15.711+0000] {standard_task_runner.py:85} INFO - Job 13: Subtask transform_with_dbt
[2026-06-17T09:58:15.746+0000] {task_command.py:415} INFO - Running <TaskInstance: aeroflux_main_pipeline.transform_with_dbt manual__2026-06-17T09:56:08.240572+00:00 [running]> on host bf0afb663f14
[2026-06-17T09:58:15.795+0000] {taskinstance.py:1660} INFO - Exporting env vars: AIRFLOW_CTX_DAG_OWNER='aeroflux_team' AIRFLOW_CTX_DAG_ID='aeroflux_main_pipeline' AIRFLOW_CTX_TASK_ID='transform_with_dbt' AIRFLOW_CTX_EXECUTION_DATE='2026-06-17T09:56:08.240572+00:00' AIRFLOW_CTX_TRY_NUMBER='2' AIRFLOW_CTX_DAG_RUN_ID='manual__2026-06-17T09:56:08.240572+00:00'
[2026-06-17T09:58:15.796+0000] {subprocess.py:63} INFO - Tmp dir root location: /tmp
[2026-06-17T09:58:15.797+0000] {subprocess.py:75} INFO - Running command: ['/bin/bash', '-c', 'cd /opt/airflow/aeroflux_transform && dbt run --profiles-dir .']
[2026-06-17T09:58:15.802+0000] {subprocess.py:86} INFO - Output:
[2026-06-17T09:58:15.804+0000] {subprocess.py:93} INFO - /bin/bash: line 1: dbt: command not found
[2026-06-17T09:58:15.804+0000] {subprocess.py:97} INFO - Command exited with return code 127
[2026-06-17T09:58:15.814+0000] {taskinstance.py:1935} ERROR - Task failed with exception
Traceback (most recent call last):
  File "/home/airflow/.local/lib/python3.9/site-packages/airflow/operators/bash.py", line 210, in execute
    raise AirflowException(
airflow.exceptions.AirflowException: Bash command failed. The command returned a non-zero exit code 127.
[2026-06-17T09:58:15.816+0000] {taskinstance.py:1398} INFO - Marking task as FAILED. dag_id=aeroflux_main_pipeline, task_id=transform_with_dbt, execution_date=20260617T095608, start_date=20260617T095815, end_date=20260617T095815
[2026-06-17T09:58:15.823+0000] {standard_task_runner.py:104} ERROR - Failed to execute job 13 for task transform_with_dbt (Bash command failed. The command returned a non-zero exit code 127.; 337)
[2026-06-17T09:58:15.847+0000] {local_task_job_runner.py:228} INFO - Task exited with return code 1
[2026-06-17T09:58:15.858+0000] {taskinstance.py:2776} INFO - 0 downstream tasks scheduled from follow-on schedule check
