[2026-06-17T10:03:25.724+0000] {taskinstance.py:1157} INFO - Dependencies all met for dep_context=non-requeueable deps ti=<TaskInstance: aeroflux_main_pipeline.transform_with_dbt manual__2026-06-17T10:03:19.945657+00:00 [queued]>
[2026-06-17T10:03:25.728+0000] {taskinstance.py:1157} INFO - Dependencies all met for dep_context=requeueable deps ti=<TaskInstance: aeroflux_main_pipeline.transform_with_dbt manual__2026-06-17T10:03:19.945657+00:00 [queued]>
[2026-06-17T10:03:25.728+0000] {taskinstance.py:1359} INFO - Starting attempt 1 of 2
[2026-06-17T10:03:25.733+0000] {taskinstance.py:1380} INFO - Executing <Task(BashOperator): transform_with_dbt> on 2026-06-17 10:03:19.945657+00:00
[2026-06-17T10:03:25.735+0000] {standard_task_runner.py:57} INFO - Started process 90 to run task
[2026-06-17T10:03:25.738+0000] {standard_task_runner.py:84} INFO - Running: ['airflow', 'tasks', 'run', 'aeroflux_main_pipeline', 'transform_with_dbt', 'manual__2026-06-17T10:03:19.945657+00:00', '--job-id', '49', '--raw', '--subdir', 'DAGS_FOLDER/aeroflux_orchestrator.py', '--cfg-path', '/tmp/tmpg851iw93']
[2026-06-17T10:03:25.739+0000] {standard_task_runner.py:85} INFO - Job 49: Subtask transform_with_dbt
[2026-06-17T10:03:25.768+0000] {task_command.py:415} INFO - Running <TaskInstance: aeroflux_main_pipeline.transform_with_dbt manual__2026-06-17T10:03:19.945657+00:00 [running]> on host f558328c3d85
[2026-06-17T10:03:25.810+0000] {taskinstance.py:1660} INFO - Exporting env vars: AIRFLOW_CTX_DAG_OWNER='aeroflux_team' AIRFLOW_CTX_DAG_ID='aeroflux_main_pipeline' AIRFLOW_CTX_TASK_ID='transform_with_dbt' AIRFLOW_CTX_EXECUTION_DATE='2026-06-17T10:03:19.945657+00:00' AIRFLOW_CTX_TRY_NUMBER='1' AIRFLOW_CTX_DAG_RUN_ID='manual__2026-06-17T10:03:19.945657+00:00'
[2026-06-17T10:03:25.810+0000] {subprocess.py:63} INFO - Tmp dir root location: /tmp
[2026-06-17T10:03:25.811+0000] {subprocess.py:75} INFO - Running command: ['/bin/bash', '-c', 'cd /opt/airflow/aeroflux_transform && dbt run --profiles-dir .']
[2026-06-17T10:03:25.814+0000] {subprocess.py:86} INFO - Output:
[2026-06-17T10:03:27.075+0000] {subprocess.py:93} INFO - [0m10:03:27  Running with dbt=1.10.22
[2026-06-17T10:03:27.267+0000] {subprocess.py:93} INFO - [0m10:03:27  Registered adapter: postgres=1.9.1
[2026-06-17T10:03:27.529+0000] {subprocess.py:93} INFO - [0m10:03:27  Found 2 models, 4 data tests, 447 macros
[2026-06-17T10:03:27.530+0000] {subprocess.py:93} INFO - [0m10:03:27
[2026-06-17T10:03:27.531+0000] {subprocess.py:93} INFO - [0m10:03:27  Concurrency: 1 threads (target='dev')
[2026-06-17T10:03:27.531+0000] {subprocess.py:93} INFO - [0m10:03:27
[2026-06-17T10:03:27.577+0000] {subprocess.py:93} INFO - [0m10:03:27
[2026-06-17T10:03:27.578+0000] {subprocess.py:93} INFO - [0m10:03:27  Finished running  in 0 hours 0 minutes and 0.04 seconds (0.04s).
[2026-06-17T10:03:27.578+0000] {subprocess.py:93} INFO - [0m10:03:27  Encountered an error:
[2026-06-17T10:03:27.578+0000] {subprocess.py:93} INFO - Database Error
[2026-06-17T10:03:27.578+0000] {subprocess.py:93} INFO -   connection to server at "localhost" (::1), port 5432 failed: Connection refused
[2026-06-17T10:03:27.579+0000] {subprocess.py:93} INFO -   	Is the server running on that host and accepting TCP/IP connections?
[2026-06-17T10:03:27.579+0000] {subprocess.py:93} INFO -   connection to server at "localhost" (127.0.0.1), port 5432 failed: Connection refused
[2026-06-17T10:03:27.579+0000] {subprocess.py:93} INFO -   	Is the server running on that host and accepting TCP/IP connections?
[2026-06-17T10:03:27.579+0000] {subprocess.py:93} INFO - 
[2026-06-17T10:03:27.917+0000] {subprocess.py:97} INFO - Command exited with return code 2
[2026-06-17T10:03:27.944+0000] {taskinstance.py:1935} ERROR - Task failed with exception
Traceback (most recent call last):
  File "/home/airflow/.local/lib/python3.9/site-packages/airflow/operators/bash.py", line 210, in execute
    raise AirflowException(
airflow.exceptions.AirflowException: Bash command failed. The command returned a non-zero exit code 2.
[2026-06-17T10:03:27.948+0000] {taskinstance.py:1398} INFO - Marking task as UP_FOR_RETRY. dag_id=aeroflux_main_pipeline, task_id=transform_with_dbt, execution_date=20260617T100319, start_date=20260617T100325, end_date=20260617T100327
[2026-06-17T10:03:27.959+0000] {standard_task_runner.py:104} ERROR - Failed to execute job 49 for task transform_with_dbt (Bash command failed. The command returned a non-zero exit code 2.; 90)
[2026-06-17T10:03:27.971+0000] {local_task_job_runner.py:228} INFO - Task exited with return code 1
[2026-06-17T10:03:27.998+0000] {taskinstance.py:2776} INFO - 0 downstream tasks scheduled from follow-on schedule check
