[2026-06-17T10:37:40.879+0000] {taskinstance.py:1157} INFO - Dependencies all met for dep_context=non-requeueable deps ti=<TaskInstance: aeroflux_main_pipeline.transform_with_dbt manual__2026-06-17T10:35:31.169322+00:00 [queued]>
[2026-06-17T10:37:40.884+0000] {taskinstance.py:1157} INFO - Dependencies all met for dep_context=requeueable deps ti=<TaskInstance: aeroflux_main_pipeline.transform_with_dbt manual__2026-06-17T10:35:31.169322+00:00 [queued]>
[2026-06-17T10:37:40.884+0000] {taskinstance.py:1359} INFO - Starting attempt 2 of 2
[2026-06-17T10:37:40.889+0000] {taskinstance.py:1380} INFO - Executing <Task(BashOperator): transform_with_dbt> on 2026-06-17 10:35:31.169322+00:00
[2026-06-17T10:37:40.894+0000] {standard_task_runner.py:57} INFO - Started process 249 to run task
[2026-06-17T10:37:40.898+0000] {standard_task_runner.py:84} INFO - Running: ['airflow', 'tasks', 'run', 'aeroflux_main_pipeline', 'transform_with_dbt', 'manual__2026-06-17T10:35:31.169322+00:00', '--job-id', '91', '--raw', '--subdir', 'DAGS_FOLDER/aeroflux_orchestrator.py', '--cfg-path', '/tmp/tmppfjqvyyr']
[2026-06-17T10:37:40.905+0000] {standard_task_runner.py:85} INFO - Job 91: Subtask transform_with_dbt
[2026-06-17T10:37:40.944+0000] {task_command.py:415} INFO - Running <TaskInstance: aeroflux_main_pipeline.transform_with_dbt manual__2026-06-17T10:35:31.169322+00:00 [running]> on host 9f30bc777676
[2026-06-17T10:37:40.993+0000] {taskinstance.py:1660} INFO - Exporting env vars: AIRFLOW_CTX_DAG_OWNER='aeroflux_team' AIRFLOW_CTX_DAG_ID='aeroflux_main_pipeline' AIRFLOW_CTX_TASK_ID='transform_with_dbt' AIRFLOW_CTX_EXECUTION_DATE='2026-06-17T10:35:31.169322+00:00' AIRFLOW_CTX_TRY_NUMBER='2' AIRFLOW_CTX_DAG_RUN_ID='manual__2026-06-17T10:35:31.169322+00:00'
[2026-06-17T10:37:40.994+0000] {subprocess.py:63} INFO - Tmp dir root location: /tmp
[2026-06-17T10:37:40.995+0000] {subprocess.py:75} INFO - Running command: ['/bin/bash', '-c', 'cd /opt/airflow/aeroflux_transform && dbt run --profiles-dir .']
[2026-06-17T10:37:40.999+0000] {subprocess.py:86} INFO - Output:
[2026-06-17T10:37:42.172+0000] {subprocess.py:93} INFO - [0m10:37:42  Running with dbt=1.10.22
[2026-06-17T10:37:42.348+0000] {subprocess.py:93} INFO - [0m10:37:42  Registered adapter: postgres=1.9.1
[2026-06-17T10:37:42.612+0000] {subprocess.py:93} INFO - [0m10:37:42  Found 3 models, 4 data tests, 1 source, 447 macros
[2026-06-17T10:37:42.613+0000] {subprocess.py:93} INFO - [0m10:37:42
[2026-06-17T10:37:42.613+0000] {subprocess.py:93} INFO - [0m10:37:42  Concurrency: 1 threads (target='dev')
[2026-06-17T10:37:42.614+0000] {subprocess.py:93} INFO - [0m10:37:42
[2026-06-17T10:37:42.679+0000] {subprocess.py:93} INFO - [0m10:37:42  1 of 3 START sql table model public.my_first_dbt_model ......................... [RUN]
[2026-06-17T10:37:42.753+0000] {subprocess.py:93} INFO - [0m10:37:42  1 of 3 OK created sql table model public.my_first_dbt_model .................... [[32mSELECT 2[0m in 0.07s]
[2026-06-17T10:37:42.754+0000] {subprocess.py:93} INFO - [0m10:37:42  2 of 3 START sql table model public.stg_live_flights ........................... [RUN]
[2026-06-17T10:37:42.771+0000] {subprocess.py:93} INFO - [0m10:37:42  2 of 3 ERROR creating sql table model public.stg_live_flights .................. [[31mERROR[0m in 0.02s]
[2026-06-17T10:37:42.773+0000] {subprocess.py:93} INFO - [0m10:37:42  3 of 3 START sql view model public.my_second_dbt_model ......................... [RUN]
[2026-06-17T10:37:42.808+0000] {subprocess.py:93} INFO - [0m10:37:42  3 of 3 OK created sql view model public.my_second_dbt_model .................... [[32mCREATE VIEW[0m in 0.03s]
[2026-06-17T10:37:42.816+0000] {subprocess.py:93} INFO - [0m10:37:42
[2026-06-17T10:37:42.817+0000] {subprocess.py:93} INFO - [0m10:37:42  Finished running 2 table models, 1 view model in 0 hours 0 minutes and 0.20 seconds (0.20s).
[2026-06-17T10:37:42.843+0000] {subprocess.py:93} INFO - [0m10:37:42
[2026-06-17T10:37:42.843+0000] {subprocess.py:93} INFO - [0m10:37:42  [31mCompleted with 1 error, 0 partial successes, and 0 warnings:[0m
[2026-06-17T10:37:42.844+0000] {subprocess.py:93} INFO - [0m10:37:42
[2026-06-17T10:37:42.844+0000] {subprocess.py:93} INFO - [0m10:37:42  [31mFailure in model stg_live_flights (models/example/stg_live_flights.sql)[0m
[2026-06-17T10:37:42.844+0000] {subprocess.py:93} INFO - [0m10:37:42    Database Error in model stg_live_flights (models/example/stg_live_flights.sql)
[2026-06-17T10:37:42.844+0000] {subprocess.py:93} INFO -   column "true_track" does not exist
[2026-06-17T10:37:42.845+0000] {subprocess.py:93} INFO -   LINE 26:         true_track,
[2026-06-17T10:37:42.845+0000] {subprocess.py:93} INFO -                    ^
[2026-06-17T10:37:42.845+0000] {subprocess.py:93} INFO -   compiled code at target/run/aeroflux_transform/models/example/stg_live_flights.sql
[2026-06-17T10:37:42.845+0000] {subprocess.py:93} INFO - [0m10:37:42
[2026-06-17T10:37:42.845+0000] {subprocess.py:93} INFO - [0m10:37:42    compiled code at target/compiled/aeroflux_transform/models/example/stg_live_flights.sql
[2026-06-17T10:37:42.845+0000] {subprocess.py:93} INFO - [0m10:37:42
[2026-06-17T10:37:42.846+0000] {subprocess.py:93} INFO - [0m10:37:42  Done. PASS=2 WARN=0 ERROR=1 SKIP=0 NO-OP=0 TOTAL=3
[2026-06-17T10:37:43.446+0000] {subprocess.py:97} INFO - Command exited with return code 1
[2026-06-17T10:37:43.455+0000] {taskinstance.py:1935} ERROR - Task failed with exception
Traceback (most recent call last):
  File "/home/airflow/.local/lib/python3.9/site-packages/airflow/operators/bash.py", line 210, in execute
    raise AirflowException(
airflow.exceptions.AirflowException: Bash command failed. The command returned a non-zero exit code 1.
[2026-06-17T10:37:43.456+0000] {taskinstance.py:1398} INFO - Marking task as FAILED. dag_id=aeroflux_main_pipeline, task_id=transform_with_dbt, execution_date=20260617T103531, start_date=20260617T103740, end_date=20260617T103743
[2026-06-17T10:37:43.465+0000] {standard_task_runner.py:104} ERROR - Failed to execute job 91 for task transform_with_dbt (Bash command failed. The command returned a non-zero exit code 1.; 249)
[2026-06-17T10:37:43.477+0000] {local_task_job_runner.py:228} INFO - Task exited with return code 1
[2026-06-17T10:37:43.491+0000] {taskinstance.py:2776} INFO - 0 downstream tasks scheduled from follow-on schedule check
