[2026-06-17T10:17:10.257+0000] {taskinstance.py:1157} INFO - Dependencies all met for dep_context=non-requeueable deps ti=<TaskInstance: aeroflux_main_pipeline.transform_with_dbt manual__2026-06-17T10:17:04.226523+00:00 [queued]>
[2026-06-17T10:17:10.261+0000] {taskinstance.py:1157} INFO - Dependencies all met for dep_context=requeueable deps ti=<TaskInstance: aeroflux_main_pipeline.transform_with_dbt manual__2026-06-17T10:17:04.226523+00:00 [queued]>
[2026-06-17T10:17:10.261+0000] {taskinstance.py:1359} INFO - Starting attempt 1 of 2
[2026-06-17T10:17:10.267+0000] {taskinstance.py:1380} INFO - Executing <Task(BashOperator): transform_with_dbt> on 2026-06-17 10:17:04.226523+00:00
[2026-06-17T10:17:10.270+0000] {standard_task_runner.py:57} INFO - Started process 105 to run task
[2026-06-17T10:17:10.272+0000] {standard_task_runner.py:84} INFO - Running: ['airflow', 'tasks', 'run', 'aeroflux_main_pipeline', 'transform_with_dbt', 'manual__2026-06-17T10:17:04.226523+00:00', '--job-id', '88', '--raw', '--subdir', 'DAGS_FOLDER/aeroflux_orchestrator.py', '--cfg-path', '/tmp/tmpuubnjf4e']
[2026-06-17T10:17:10.273+0000] {standard_task_runner.py:85} INFO - Job 88: Subtask transform_with_dbt
[2026-06-17T10:17:10.301+0000] {task_command.py:415} INFO - Running <TaskInstance: aeroflux_main_pipeline.transform_with_dbt manual__2026-06-17T10:17:04.226523+00:00 [running]> on host 9f30bc777676
[2026-06-17T10:17:10.339+0000] {taskinstance.py:1660} INFO - Exporting env vars: AIRFLOW_CTX_DAG_OWNER='aeroflux_team' AIRFLOW_CTX_DAG_ID='aeroflux_main_pipeline' AIRFLOW_CTX_TASK_ID='transform_with_dbt' AIRFLOW_CTX_EXECUTION_DATE='2026-06-17T10:17:04.226523+00:00' AIRFLOW_CTX_TRY_NUMBER='1' AIRFLOW_CTX_DAG_RUN_ID='manual__2026-06-17T10:17:04.226523+00:00'
[2026-06-17T10:17:10.340+0000] {subprocess.py:63} INFO - Tmp dir root location: /tmp
[2026-06-17T10:17:10.341+0000] {subprocess.py:75} INFO - Running command: ['/bin/bash', '-c', 'cd /opt/airflow/aeroflux_transform && dbt run --profiles-dir .']
[2026-06-17T10:17:10.344+0000] {subprocess.py:86} INFO - Output:
[2026-06-17T10:17:11.672+0000] {subprocess.py:93} INFO - [0m10:17:11  Running with dbt=1.10.22
[2026-06-17T10:17:11.909+0000] {subprocess.py:93} INFO - [0m10:17:11  Registered adapter: postgres=1.9.1
[2026-06-17T10:17:12.049+0000] {subprocess.py:93} INFO - [0m10:17:12  Unable to do partial parsing because profile has changed
[2026-06-17T10:17:13.050+0000] {subprocess.py:93} INFO - [0m10:17:13  Found 2 models, 4 data tests, 447 macros
[2026-06-17T10:17:13.055+0000] {subprocess.py:93} INFO - [0m10:17:13
[2026-06-17T10:17:13.055+0000] {subprocess.py:93} INFO - [0m10:17:13  Concurrency: 1 threads (target='dev')
[2026-06-17T10:17:13.055+0000] {subprocess.py:93} INFO - [0m10:17:13
[2026-06-17T10:17:13.152+0000] {subprocess.py:93} INFO - [0m10:17:13  1 of 2 START sql table model public.my_first_dbt_model ......................... [RUN]
[2026-06-17T10:17:13.225+0000] {subprocess.py:93} INFO - [0m10:17:13  1 of 2 OK created sql table model public.my_first_dbt_model .................... [[32mSELECT 2[0m in 0.07s]
[2026-06-17T10:17:13.227+0000] {subprocess.py:93} INFO - [0m10:17:13  2 of 2 START sql view model public.my_second_dbt_model ......................... [RUN]
[2026-06-17T10:17:13.293+0000] {subprocess.py:93} INFO - [0m10:17:13  2 of 2 OK created sql view model public.my_second_dbt_model .................... [[32mCREATE VIEW[0m in 0.06s]
[2026-06-17T10:17:13.302+0000] {subprocess.py:93} INFO - [0m10:17:13
[2026-06-17T10:17:13.302+0000] {subprocess.py:93} INFO - [0m10:17:13  Finished running 1 table model, 1 view model in 0 hours 0 minutes and 0.25 seconds (0.25s).
[2026-06-17T10:17:13.331+0000] {subprocess.py:93} INFO - [0m10:17:13
[2026-06-17T10:17:13.332+0000] {subprocess.py:93} INFO - [0m10:17:13  [32mCompleted successfully[0m
[2026-06-17T10:17:13.332+0000] {subprocess.py:93} INFO - [0m10:17:13
[2026-06-17T10:17:13.333+0000] {subprocess.py:93} INFO - [0m10:17:13  Done. PASS=2 WARN=0 ERROR=0 SKIP=0 NO-OP=0 TOTAL=2
[2026-06-17T10:17:13.919+0000] {subprocess.py:97} INFO - Command exited with return code 0
[2026-06-17T10:17:13.957+0000] {taskinstance.py:1398} INFO - Marking task as SUCCESS. dag_id=aeroflux_main_pipeline, task_id=transform_with_dbt, execution_date=20260617T101704, start_date=20260617T101710, end_date=20260617T101713
[2026-06-17T10:17:13.993+0000] {local_task_job_runner.py:228} INFO - Task exited with return code 0
[2026-06-17T10:17:14.023+0000] {taskinstance.py:2776} INFO - 0 downstream tasks scheduled from follow-on schedule check
